[2025-12-26T09:26:11.600+0000] {local_task_job_runner.py:120} INFO - ::group::Pre task execution logs
[2025-12-26T09:26:11.740+0000] {taskinstance.py:2076} INFO - Dependencies all met for dep_context=non-requeueable deps ti=<TaskInstance: minio_to_snowflake.dbt_transform scheduled__2025-12-26T09:01:00+00:00 [queued]>
[2025-12-26T09:26:11.767+0000] {taskinstance.py:2076} INFO - Dependencies all met for dep_context=requeueable deps ti=<TaskInstance: minio_to_snowflake.dbt_transform scheduled__2025-12-26T09:01:00+00:00 [queued]>
[2025-12-26T09:26:11.769+0000] {taskinstance.py:2306} INFO - Starting attempt 1 of 2
[2025-12-26T09:26:11.800+0000] {taskinstance.py:2330} INFO - Executing <Task(BashOperator): dbt_transform> on 2025-12-26 09:01:00+00:00
[2025-12-26T09:26:11.836+0000] {standard_task_runner.py:90} INFO - Running: ['***', 'tasks', 'run', 'minio_to_snowflake', 'dbt_transform', 'scheduled__2025-12-26T09:01:00+00:00', '--job-id', '100', '--raw', '--subdir', 'DAGS_FOLDER/minio_to_snowflake.py', '--cfg-path', '/tmp/tmpo_4muvc2']
[2025-12-26T09:26:11.843+0000] {standard_task_runner.py:91} INFO - Job 100: Subtask dbt_transform
[2025-12-26T09:26:11.845+0000] {logging_mixin.py:188} WARNING - /home/***/.local/lib/python3.12/site-packages/***/task/task_runner/standard_task_runner.py:62 DeprecationWarning: This process (pid=31720) is multi-threaded, use of fork() may lead to deadlocks in the child.
[2025-12-26T09:26:11.847+0000] {standard_task_runner.py:64} INFO - Started process 31737 to run task
[2025-12-26T09:26:12.013+0000] {task_command.py:426} INFO - Running <TaskInstance: minio_to_snowflake.dbt_transform scheduled__2025-12-26T09:01:00+00:00 [running]> on host 9ba124033e2e
[2025-12-26T09:26:12.296+0000] {taskinstance.py:2648} INFO - Exporting env vars: AIRFLOW_CTX_DAG_OWNER='***' AIRFLOW_CTX_DAG_ID='minio_to_snowflake' AIRFLOW_CTX_TASK_ID='dbt_transform' AIRFLOW_CTX_EXECUTION_DATE='2025-12-26T09:01:00+00:00' AIRFLOW_CTX_TRY_NUMBER='1' AIRFLOW_CTX_DAG_RUN_ID='scheduled__2025-12-26T09:01:00+00:00'
[2025-12-26T09:26:12.301+0000] {taskinstance.py:430} INFO - ::endgroup::
[2025-12-26T09:26:12.389+0000] {subprocess.py:63} INFO - Tmp dir root location: /tmp
[2025-12-26T09:26:12.392+0000] {subprocess.py:75} INFO - Running command: ['/usr/bin/bash', '-c', 'dbt run --project-dir /opt/***/dbt_stocks --profiles-dir /opt/***/dbt_stocks']
[2025-12-26T09:26:12.441+0000] {subprocess.py:86} INFO - Output:
[2025-12-26T09:26:22.770+0000] {subprocess.py:93} INFO - [0m09:26:22  Running with dbt=1.11.2
[2025-12-26T09:26:22.773+0000] {subprocess.py:93} INFO - [0m09:26:22  Encountered an error:
[2025-12-26T09:26:22.778+0000] {subprocess.py:93} INFO - Runtime Error
[2025-12-26T09:26:22.780+0000] {subprocess.py:93} INFO -   No dbt_project.yml found at expected path /opt/***/dbt_stocks/dbt_project.yml
[2025-12-26T09:26:22.782+0000] {subprocess.py:93} INFO -   Verify that each entry within packages.yml (and their transitive dependencies) contains a file named dbt_project.yml
[2025-12-26T09:26:22.783+0000] {subprocess.py:93} INFO - 
[2025-12-26T09:26:24.795+0000] {subprocess.py:97} INFO - Command exited with return code 2
[2025-12-26T09:26:24.798+0000] {taskinstance.py:441} INFO - ::group::Post task execution logs
[2025-12-26T09:26:24.834+0000] {taskinstance.py:2905} ERROR - Task failed with exception
Traceback (most recent call last):
  File "/home/airflow/.local/lib/python3.12/site-packages/airflow/models/taskinstance.py", line 465, in _execute_task
    result = _execute_callable(context=context, **execute_callable_kwargs)
             ^^^^^^^^^^^^^^^^^^^^^^^^^^^^^^^^^^^^^^^^^^^^^^^^^^^^^^^^^^^^^
  File "/home/airflow/.local/lib/python3.12/site-packages/airflow/models/taskinstance.py", line 432, in _execute_callable
    return execute_callable(context=context, **execute_callable_kwargs)
           ^^^^^^^^^^^^^^^^^^^^^^^^^^^^^^^^^^^^^^^^^^^^^^^^^^^^^^^^^^^^
  File "/home/airflow/.local/lib/python3.12/site-packages/airflow/models/baseoperator.py", line 401, in wrapper
    return func(self, *args, **kwargs)
           ^^^^^^^^^^^^^^^^^^^^^^^^^^^
  File "/home/airflow/.local/lib/python3.12/site-packages/airflow/operators/bash.py", line 243, in execute
    raise AirflowException(
airflow.exceptions.AirflowException: Bash command failed. The command returned a non-zero exit code 2.
[2025-12-26T09:26:24.957+0000] {taskinstance.py:1206} INFO - Marking task as UP_FOR_RETRY. dag_id=minio_to_snowflake, task_id=dbt_transform, run_id=scheduled__2025-12-26T09:01:00+00:00, execution_date=20251226T090100, start_date=20251226T092611, end_date=20251226T092624
[2025-12-26T09:26:25.120+0000] {standard_task_runner.py:110} ERROR - Failed to execute job 100 for task dbt_transform (Bash command failed. The command returned a non-zero exit code 2.; 31737)
[2025-12-26T09:26:25.197+0000] {local_task_job_runner.py:243} INFO - Task exited with return code 1
[2025-12-26T09:26:25.258+0000] {taskinstance.py:3503} INFO - 0 downstream tasks scheduled from follow-on schedule check
[2025-12-26T09:26:25.265+0000] {local_task_job_runner.py:222} INFO - ::endgroup::
