[2025-12-26T06:34:37.363+0000] {local_task_job_runner.py:120} INFO - ::group::Pre task execution logs
[2025-12-26T06:34:37.422+0000] {taskinstance.py:2076} INFO - Dependencies all met for dep_context=non-requeueable deps ti=<TaskInstance: minio_to_snowflake.dbt_transform scheduled__2025-12-26T06:05:00+00:00 [queued]>
[2025-12-26T06:34:37.437+0000] {taskinstance.py:2076} INFO - Dependencies all met for dep_context=requeueable deps ti=<TaskInstance: minio_to_snowflake.dbt_transform scheduled__2025-12-26T06:05:00+00:00 [queued]>
[2025-12-26T06:34:37.438+0000] {taskinstance.py:2306} INFO - Starting attempt 2 of 2
[2025-12-26T06:34:37.459+0000] {taskinstance.py:2330} INFO - Executing <Task(BashOperator): dbt_transform> on 2025-12-26 06:05:00+00:00
[2025-12-26T06:34:37.482+0000] {standard_task_runner.py:90} INFO - Running: ['***', 'tasks', 'run', 'minio_to_snowflake', 'dbt_transform', 'scheduled__2025-12-26T06:05:00+00:00', '--job-id', '14', '--raw', '--subdir', 'DAGS_FOLDER/minio_to_snowflake.py', '--cfg-path', '/tmp/tmpp_34xhrx']
[2025-12-26T06:34:37.487+0000] {standard_task_runner.py:91} INFO - Job 14: Subtask dbt_transform
[2025-12-26T06:34:37.487+0000] {logging_mixin.py:188} WARNING - /home/***/.local/lib/python3.12/site-packages/***/task/task_runner/standard_task_runner.py:62 DeprecationWarning: This process (pid=4854) is multi-threaded, use of fork() may lead to deadlocks in the child.
[2025-12-26T06:34:37.489+0000] {standard_task_runner.py:64} INFO - Started process 4868 to run task
[2025-12-26T06:34:37.597+0000] {task_command.py:426} INFO - Running <TaskInstance: minio_to_snowflake.dbt_transform scheduled__2025-12-26T06:05:00+00:00 [running]> on host 3fb2a1a27553
[2025-12-26T06:34:37.897+0000] {taskinstance.py:2648} INFO - Exporting env vars: AIRFLOW_CTX_DAG_OWNER='***' AIRFLOW_CTX_DAG_ID='minio_to_snowflake' AIRFLOW_CTX_TASK_ID='dbt_transform' AIRFLOW_CTX_EXECUTION_DATE='2025-12-26T06:05:00+00:00' AIRFLOW_CTX_TRY_NUMBER='2' AIRFLOW_CTX_DAG_RUN_ID='scheduled__2025-12-26T06:05:00+00:00'
[2025-12-26T06:34:37.900+0000] {taskinstance.py:430} INFO - ::endgroup::
[2025-12-26T06:34:37.922+0000] {subprocess.py:63} INFO - Tmp dir root location: /tmp
[2025-12-26T06:34:37.926+0000] {subprocess.py:75} INFO - Running command: ['/usr/bin/bash', '-c', 'cd /opt/***/dbt_stocks && python3 -m dbt run --profiles-dir .']
[2025-12-26T06:34:37.967+0000] {subprocess.py:86} INFO - Output:
[2025-12-26T06:34:38.309+0000] {subprocess.py:93} INFO - /home/***/.local/bin/python3: No module named dbt.__main__; 'dbt' is a package and cannot be directly executed
[2025-12-26T06:34:38.322+0000] {subprocess.py:97} INFO - Command exited with return code 1
[2025-12-26T06:34:38.325+0000] {taskinstance.py:441} INFO - ::group::Post task execution logs
[2025-12-26T06:34:38.354+0000] {taskinstance.py:2905} ERROR - Task failed with exception
Traceback (most recent call last):
  File "/home/airflow/.local/lib/python3.12/site-packages/airflow/models/taskinstance.py", line 465, in _execute_task
    result = _execute_callable(context=context, **execute_callable_kwargs)
             ^^^^^^^^^^^^^^^^^^^^^^^^^^^^^^^^^^^^^^^^^^^^^^^^^^^^^^^^^^^^^
  File "/home/airflow/.local/lib/python3.12/site-packages/airflow/models/taskinstance.py", line 432, in _execute_callable
    return execute_callable(context=context, **execute_callable_kwargs)
           ^^^^^^^^^^^^^^^^^^^^^^^^^^^^^^^^^^^^^^^^^^^^^^^^^^^^^^^^^^^^
  File "/home/airflow/.local/lib/python3.12/site-packages/airflow/models/baseoperator.py", line 401, in wrapper
    return func(self, *args, **kwargs)
           ^^^^^^^^^^^^^^^^^^^^^^^^^^^
  File "/home/airflow/.local/lib/python3.12/site-packages/airflow/operators/bash.py", line 243, in execute
    raise AirflowException(
airflow.exceptions.AirflowException: Bash command failed. The command returned a non-zero exit code 1.
[2025-12-26T06:34:38.363+0000] {taskinstance.py:1206} INFO - Marking task as FAILED. dag_id=minio_to_snowflake, task_id=dbt_transform, run_id=scheduled__2025-12-26T06:05:00+00:00, execution_date=20251226T060500, start_date=20251226T063437, end_date=20251226T063438
[2025-12-26T06:34:38.393+0000] {standard_task_runner.py:110} ERROR - Failed to execute job 14 for task dbt_transform (Bash command failed. The command returned a non-zero exit code 1.; 4868)
[2025-12-26T06:34:38.429+0000] {local_task_job_runner.py:243} INFO - Task exited with return code 1
[2025-12-26T06:34:38.462+0000] {taskinstance.py:3503} INFO - 0 downstream tasks scheduled from follow-on schedule check
[2025-12-26T06:34:38.467+0000] {local_task_job_runner.py:222} INFO - ::endgroup::
