[2025-12-26T08:47:31.116+0000] {local_task_job_runner.py:120} INFO - ::group::Pre task execution logs
[2025-12-26T08:47:31.182+0000] {taskinstance.py:2076} INFO - Dependencies all met for dep_context=non-requeueable deps ti=<TaskInstance: minio_to_snowflake.load_snowflake scheduled__2025-12-26T08:44:00+00:00 [None]>
[2025-12-26T08:47:31.198+0000] {taskinstance.py:2076} INFO - Dependencies all met for dep_context=requeueable deps ti=<TaskInstance: minio_to_snowflake.load_snowflake scheduled__2025-12-26T08:44:00+00:00 [None]>
[2025-12-26T08:47:31.200+0000] {taskinstance.py:2306} INFO - Starting attempt 1 of 2
[2025-12-26T08:47:31.226+0000] {taskinstance.py:2330} INFO - Executing <Task(PythonOperator): load_snowflake> on 2025-12-26 08:44:00+00:00
[2025-12-26T08:47:31.250+0000] {standard_task_runner.py:90} INFO - Running: ['***', 'tasks', 'run', 'minio_to_snowflake', 'load_snowflake', 'scheduled__2025-12-26T08:44:00+00:00', '--job-id', '88', '--raw', '--subdir', 'DAGS_FOLDER/minio_to_snowflake.py', '--cfg-path', '/tmp/tmpfm5obu8_']
[2025-12-26T08:47:31.257+0000] {standard_task_runner.py:91} INFO - Job 88: Subtask load_snowflake
[2025-12-26T08:47:31.258+0000] {logging_mixin.py:188} WARNING - /home/***/.local/lib/python3.12/site-packages/***/task/task_runner/standard_task_runner.py:62 DeprecationWarning: This process (pid=16647) is multi-threaded, use of fork() may lead to deadlocks in the child.
[2025-12-26T08:47:31.260+0000] {standard_task_runner.py:64} INFO - Started process 16664 to run task
[2025-12-26T08:47:31.378+0000] {task_command.py:426} INFO - Running <TaskInstance: minio_to_snowflake.load_snowflake scheduled__2025-12-26T08:44:00+00:00 [running]> on host 9ba124033e2e
[2025-12-26T08:47:31.569+0000] {taskinstance.py:2648} INFO - Exporting env vars: AIRFLOW_CTX_DAG_OWNER='***' AIRFLOW_CTX_DAG_ID='minio_to_snowflake' AIRFLOW_CTX_TASK_ID='load_snowflake' AIRFLOW_CTX_EXECUTION_DATE='2025-12-26T08:44:00+00:00' AIRFLOW_CTX_TRY_NUMBER='1' AIRFLOW_CTX_DAG_RUN_ID='scheduled__2025-12-26T08:44:00+00:00'
[2025-12-26T08:47:31.573+0000] {taskinstance.py:430} INFO - ::endgroup::
[2025-12-26T08:47:31.628+0000] {connection.py:610} INFO - Snowflake Connector for Python Version: 4.1.1, Python Version: 3.12.4, Platform: Linux-6.6.87.2-microsoft-standard-WSL2-x86_64-with-glibc2.36
[2025-12-26T08:47:31.631+0000] {connection.py:1693} INFO - Connecting to GLOBAL Snowflake domain
[2025-12-26T08:47:35.090+0000] {logging_mixin.py:188} INFO - Uploaded /tmp/minio_downloads/1766728889.json to Snowflake stage
[2025-12-26T08:47:35.380+0000] {logging_mixin.py:188} INFO - Uploaded /tmp/minio_downloads/1766728900.json to Snowflake stage
[2025-12-26T08:47:35.764+0000] {logging_mixin.py:188} INFO - Uploaded /tmp/minio_downloads/1766728911.json to Snowflake stage
[2025-12-26T08:47:36.223+0000] {logging_mixin.py:188} INFO - Uploaded /tmp/minio_downloads/1766728923.json to Snowflake stage
[2025-12-26T08:47:36.779+0000] {logging_mixin.py:188} INFO - Uploaded /tmp/minio_downloads/1766728935.json to Snowflake stage
[2025-12-26T08:47:37.146+0000] {logging_mixin.py:188} INFO - Uploaded /tmp/minio_downloads/1766728947.json to Snowflake stage
[2025-12-26T08:47:37.433+0000] {logging_mixin.py:188} INFO - Uploaded /tmp/minio_downloads/1766728960.json to Snowflake stage
[2025-12-26T08:47:37.712+0000] {logging_mixin.py:188} INFO - Uploaded /tmp/minio_downloads/1766728972.json to Snowflake stage
[2025-12-26T08:47:38.018+0000] {logging_mixin.py:188} INFO - Uploaded /tmp/minio_downloads/1766728984.json to Snowflake stage
[2025-12-26T08:47:38.374+0000] {logging_mixin.py:188} INFO - Uploaded /tmp/minio_downloads/1766728995.json to Snowflake stage
[2025-12-26T08:47:38.655+0000] {logging_mixin.py:188} INFO - Uploaded /tmp/minio_downloads/1766729007.json to Snowflake stage
[2025-12-26T08:47:38.962+0000] {logging_mixin.py:188} INFO - Uploaded /tmp/minio_downloads/1766729020.json to Snowflake stage
[2025-12-26T08:47:39.247+0000] {logging_mixin.py:188} INFO - Uploaded /tmp/minio_downloads/1766729032.json to Snowflake stage
[2025-12-26T08:47:39.677+0000] {logging_mixin.py:188} INFO - Uploaded /tmp/minio_downloads/1766729044.json to Snowflake stage
[2025-12-26T08:47:40.165+0000] {logging_mixin.py:188} INFO - Uploaded /tmp/minio_downloads/1766729057.json to Snowflake stage
[2025-12-26T08:47:40.616+0000] {logging_mixin.py:188} INFO - Uploaded /tmp/minio_downloads/1766729070.json to Snowflake stage
[2025-12-26T08:47:40.989+0000] {logging_mixin.py:188} INFO - Uploaded /tmp/minio_downloads/1766729083.json to Snowflake stage
[2025-12-26T08:47:41.320+0000] {logging_mixin.py:188} INFO - Uploaded /tmp/minio_downloads/1766729095.json to Snowflake stage
[2025-12-26T08:47:41.706+0000] {logging_mixin.py:188} INFO - Uploaded /tmp/minio_downloads/1766729109.json to Snowflake stage
[2025-12-26T08:47:42.061+0000] {logging_mixin.py:188} INFO - Uploaded /tmp/minio_downloads/1766729122.json to Snowflake stage
[2025-12-26T08:47:42.520+0000] {logging_mixin.py:188} INFO - Uploaded /tmp/minio_downloads/1766729135.json to Snowflake stage
[2025-12-26T08:47:43.543+0000] {logging_mixin.py:188} INFO - Uploaded /tmp/minio_downloads/1766729147.json to Snowflake stage
[2025-12-26T08:47:43.850+0000] {logging_mixin.py:188} INFO - Uploaded /tmp/minio_downloads/1766729160.json to Snowflake stage
[2025-12-26T08:47:44.158+0000] {logging_mixin.py:188} INFO - Uploaded /tmp/minio_downloads/1766729172.json to Snowflake stage
[2025-12-26T08:47:44.552+0000] {logging_mixin.py:188} INFO - Uploaded /tmp/minio_downloads/1766729185.json to Snowflake stage
[2025-12-26T08:47:44.977+0000] {logging_mixin.py:188} INFO - Uploaded /tmp/minio_downloads/1766729199.json to Snowflake stage
[2025-12-26T08:47:45.285+0000] {logging_mixin.py:188} INFO - Uploaded /tmp/minio_downloads/1766729212.json to Snowflake stage
[2025-12-26T08:47:45.612+0000] {logging_mixin.py:188} INFO - Uploaded /tmp/minio_downloads/1766729225.json to Snowflake stage
[2025-12-26T08:47:46.001+0000] {logging_mixin.py:188} INFO - Uploaded /tmp/minio_downloads/1766729238.json to Snowflake stage
[2025-12-26T08:47:46.309+0000] {logging_mixin.py:188} INFO - Uploaded /tmp/minio_downloads/1766729250.json to Snowflake stage
[2025-12-26T08:47:46.638+0000] {logging_mixin.py:188} INFO - Uploaded /tmp/minio_downloads/1766729263.json to Snowflake stage
[2025-12-26T08:47:47.027+0000] {logging_mixin.py:188} INFO - Uploaded /tmp/minio_downloads/1766729277.json to Snowflake stage
[2025-12-26T08:47:47.334+0000] {logging_mixin.py:188} INFO - Uploaded /tmp/minio_downloads/1766729289.json to Snowflake stage
[2025-12-26T08:47:47.668+0000] {logging_mixin.py:188} INFO - Uploaded /tmp/minio_downloads/1766729301.json to Snowflake stage
[2025-12-26T08:47:48.059+0000] {logging_mixin.py:188} INFO - Uploaded /tmp/minio_downloads/1766729313.json to Snowflake stage
[2025-12-26T08:47:48.563+0000] {logging_mixin.py:188} INFO - Uploaded /tmp/minio_downloads/1766729326.json to Snowflake stage
[2025-12-26T08:47:48.860+0000] {logging_mixin.py:188} INFO - Uploaded /tmp/minio_downloads/1766729338.json to Snowflake stage
[2025-12-26T08:47:49.202+0000] {logging_mixin.py:188} INFO - Uploaded /tmp/minio_downloads/1766729351.json to Snowflake stage
[2025-12-26T08:47:49.587+0000] {logging_mixin.py:188} INFO - Uploaded /tmp/minio_downloads/1766729363.json to Snowflake stage
[2025-12-26T08:47:49.894+0000] {logging_mixin.py:188} INFO - Uploaded /tmp/minio_downloads/1766729376.json to Snowflake stage
[2025-12-26T08:47:50.276+0000] {logging_mixin.py:188} INFO - Uploaded /tmp/minio_downloads/1766729388.json to Snowflake stage
[2025-12-26T08:47:50.713+0000] {logging_mixin.py:188} INFO - Uploaded /tmp/minio_downloads/1766729401.json to Snowflake stage
[2025-12-26T08:47:51.131+0000] {logging_mixin.py:188} INFO - Uploaded /tmp/minio_downloads/1766729413.json to Snowflake stage
[2025-12-26T08:47:51.437+0000] {logging_mixin.py:188} INFO - Uploaded /tmp/minio_downloads/1766729425.json to Snowflake stage
[2025-12-26T08:47:51.837+0000] {logging_mixin.py:188} INFO - Uploaded /tmp/minio_downloads/1766729438.json to Snowflake stage
[2025-12-26T08:47:52.252+0000] {logging_mixin.py:188} INFO - Uploaded /tmp/minio_downloads/1766729450.json to Snowflake stage
[2025-12-26T08:47:52.660+0000] {logging_mixin.py:188} INFO - Uploaded /tmp/minio_downloads/1766729463.json to Snowflake stage
[2025-12-26T08:47:52.969+0000] {logging_mixin.py:188} INFO - Uploaded /tmp/minio_downloads/1766729476.json to Snowflake stage
[2025-12-26T08:47:53.376+0000] {logging_mixin.py:188} INFO - Uploaded /tmp/minio_downloads/1766729489.json to Snowflake stage
[2025-12-26T08:47:53.786+0000] {logging_mixin.py:188} INFO - Uploaded /tmp/minio_downloads/1766729502.json to Snowflake stage
[2025-12-26T08:47:54.094+0000] {logging_mixin.py:188} INFO - Uploaded /tmp/minio_downloads/1766729514.json to Snowflake stage
[2025-12-26T08:47:54.421+0000] {logging_mixin.py:188} INFO - Uploaded /tmp/minio_downloads/1766729526.json to Snowflake stage
[2025-12-26T08:47:54.708+0000] {logging_mixin.py:188} INFO - Uploaded /tmp/minio_downloads/1766729538.json to Snowflake stage
[2025-12-26T08:47:55.119+0000] {logging_mixin.py:188} INFO - Uploaded /tmp/minio_downloads/1766729550.json to Snowflake stage
[2025-12-26T08:47:55.490+0000] {logging_mixin.py:188} INFO - Uploaded /tmp/minio_downloads/1766729563.json to Snowflake stage
[2025-12-26T08:47:55.753+0000] {logging_mixin.py:188} INFO - Uploaded /tmp/minio_downloads/1766729575.json to Snowflake stage
[2025-12-26T08:47:56.006+0000] {logging_mixin.py:188} INFO - Uploaded /tmp/minio_downloads/1766729588.json to Snowflake stage
[2025-12-26T08:47:56.449+0000] {logging_mixin.py:188} INFO - Uploaded /tmp/minio_downloads/1766729600.json to Snowflake stage
[2025-12-26T08:47:56.859+0000] {logging_mixin.py:188} INFO - Uploaded /tmp/minio_downloads/1766729613.json to Snowflake stage
[2025-12-26T08:47:57.270+0000] {logging_mixin.py:188} INFO - Uploaded /tmp/minio_downloads/1766729626.json to Snowflake stage
[2025-12-26T08:47:57.557+0000] {logging_mixin.py:188} INFO - Uploaded /tmp/minio_downloads/1766729638.json to Snowflake stage
[2025-12-26T08:47:57.884+0000] {logging_mixin.py:188} INFO - Uploaded /tmp/minio_downloads/1766729649.json to Snowflake stage
[2025-12-26T08:47:58.293+0000] {logging_mixin.py:188} INFO - Uploaded /tmp/minio_downloads/1766729661.json to Snowflake stage
[2025-12-26T08:47:58.625+0000] {logging_mixin.py:188} INFO - Uploaded /tmp/minio_downloads/1766729673.json to Snowflake stage
[2025-12-26T08:47:58.938+0000] {logging_mixin.py:188} INFO - Uploaded /tmp/minio_downloads/1766729685.json to Snowflake stage
[2025-12-26T08:47:59.319+0000] {logging_mixin.py:188} INFO - Uploaded /tmp/minio_downloads/1766729697.json to Snowflake stage
[2025-12-26T08:47:59.702+0000] {logging_mixin.py:188} INFO - Uploaded /tmp/minio_downloads/1766729709.json to Snowflake stage
[2025-12-26T08:47:59.962+0000] {logging_mixin.py:188} INFO - Uploaded /tmp/minio_downloads/1766729721.json to Snowflake stage
[2025-12-26T08:48:00.240+0000] {logging_mixin.py:188} INFO - Uploaded /tmp/minio_downloads/1766729734.json to Snowflake stage
[2025-12-26T08:48:00.539+0000] {logging_mixin.py:188} INFO - Uploaded /tmp/minio_downloads/1766729746.json to Snowflake stage
[2025-12-26T08:48:00.814+0000] {logging_mixin.py:188} INFO - Uploaded /tmp/minio_downloads/1766729759.json to Snowflake stage
[2025-12-26T08:48:01.162+0000] {logging_mixin.py:188} INFO - Uploaded /tmp/minio_downloads/1766729772.json to Snowflake stage
[2025-12-26T08:48:01.555+0000] {logging_mixin.py:188} INFO - Uploaded /tmp/minio_downloads/1766729785.json to Snowflake stage
[2025-12-26T08:48:01.878+0000] {logging_mixin.py:188} INFO - Uploaded /tmp/minio_downloads/1766729801.json to Snowflake stage
[2025-12-26T08:48:02.231+0000] {logging_mixin.py:188} INFO - Uploaded /tmp/minio_downloads/1766729813.json to Snowflake stage
[2025-12-26T08:48:02.697+0000] {logging_mixin.py:188} INFO - Uploaded /tmp/minio_downloads/1766729827.json to Snowflake stage
[2025-12-26T08:48:03.022+0000] {logging_mixin.py:188} INFO - Uploaded /tmp/minio_downloads/1766729839.json to Snowflake stage
[2025-12-26T08:48:03.310+0000] {logging_mixin.py:188} INFO - Uploaded /tmp/minio_downloads/1766729854.json to Snowflake stage
[2025-12-26T08:48:03.615+0000] {logging_mixin.py:188} INFO - Uploaded /tmp/minio_downloads/1766729865.json to Snowflake stage
[2025-12-26T08:48:03.954+0000] {logging_mixin.py:188} INFO - Uploaded /tmp/minio_downloads/1766729879.json to Snowflake stage
[2025-12-26T08:48:04.260+0000] {logging_mixin.py:188} INFO - Uploaded /tmp/minio_downloads/1766729891.json to Snowflake stage
[2025-12-26T08:48:04.594+0000] {logging_mixin.py:188} INFO - Uploaded /tmp/minio_downloads/1766729904.json to Snowflake stage
[2025-12-26T08:48:04.920+0000] {logging_mixin.py:188} INFO - Uploaded /tmp/minio_downloads/1766729916.json to Snowflake stage
[2025-12-26T08:48:05.360+0000] {logging_mixin.py:188} INFO - Uploaded /tmp/minio_downloads/1766729928.json to Snowflake stage
[2025-12-26T08:48:05.669+0000] {logging_mixin.py:188} INFO - Uploaded /tmp/minio_downloads/1766729939.json to Snowflake stage
[2025-12-26T08:48:06.078+0000] {logging_mixin.py:188} INFO - Uploaded /tmp/minio_downloads/1766729952.json to Snowflake stage
[2025-12-26T08:48:06.385+0000] {logging_mixin.py:188} INFO - Uploaded /tmp/minio_downloads/1766729964.json to Snowflake stage
[2025-12-26T08:48:06.829+0000] {logging_mixin.py:188} INFO - Uploaded /tmp/minio_downloads/1766729975.json to Snowflake stage
[2025-12-26T08:48:07.306+0000] {logging_mixin.py:188} INFO - Uploaded /tmp/minio_downloads/1766729987.json to Snowflake stage
[2025-12-26T08:48:07.584+0000] {logging_mixin.py:188} INFO - Uploaded /tmp/minio_downloads/1766729998.json to Snowflake stage
[2025-12-26T08:48:07.986+0000] {logging_mixin.py:188} INFO - Uploaded /tmp/minio_downloads/1766730010.json to Snowflake stage
[2025-12-26T08:48:08.017+0000] {local_task_job_runner.py:313} WARNING - State of this instance has been externally set to restarting. Terminating instance.
[2025-12-26T08:48:08.036+0000] {local_task_job_runner.py:222} INFO - ::endgroup::
[2025-12-26T08:48:08.043+0000] {process_utils.py:132} INFO - Sending 15 to group 16664. PIDs of all processes in the group: [16664]
[2025-12-26T08:48:08.044+0000] {process_utils.py:87} INFO - Sending the signal 15 to group 16664
[2025-12-26T08:48:08.047+0000] {taskinstance.py:2611} ERROR - Received SIGTERM. Terminating subprocesses.
[2025-12-26T08:48:08.052+0000] {taskinstance.py:441} INFO - ::group::Post task execution logs
[2025-12-26T08:48:08.128+0000] {taskinstance.py:2905} ERROR - Task failed with exception
Traceback (most recent call last):
  File "/home/airflow/.local/lib/python3.12/site-packages/snowflake/connector/vendored/urllib3/contrib/pyopenssl.py", line 326, in recv_into
    return self.connection.recv_into(*args, **kwargs)  # type: ignore[no-any-return]
           ^^^^^^^^^^^^^^^^^^^^^^^^^^^^^^^^^^^^^^^^^^
  File "/home/airflow/.local/lib/python3.12/site-packages/OpenSSL/SSL.py", line 2339, in recv_into
    self._raise_ssl_error(self._ssl, result)
  File "/home/airflow/.local/lib/python3.12/site-packages/OpenSSL/SSL.py", line 2017, in _raise_ssl_error
    raise WantReadError()
OpenSSL.SSL.WantReadError

During handling of the above exception, another exception occurred:

Traceback (most recent call last):
  File "/home/airflow/.local/lib/python3.12/site-packages/airflow/models/taskinstance.py", line 465, in _execute_task
    result = _execute_callable(context=context, **execute_callable_kwargs)
             ^^^^^^^^^^^^^^^^^^^^^^^^^^^^^^^^^^^^^^^^^^^^^^^^^^^^^^^^^^^^^
  File "/home/airflow/.local/lib/python3.12/site-packages/airflow/models/taskinstance.py", line 432, in _execute_callable
    return execute_callable(context=context, **execute_callable_kwargs)
           ^^^^^^^^^^^^^^^^^^^^^^^^^^^^^^^^^^^^^^^^^^^^^^^^^^^^^^^^^^^^
  File "/home/airflow/.local/lib/python3.12/site-packages/airflow/models/baseoperator.py", line 401, in wrapper
    return func(self, *args, **kwargs)
           ^^^^^^^^^^^^^^^^^^^^^^^^^^^
  File "/home/airflow/.local/lib/python3.12/site-packages/airflow/operators/python.py", line 235, in execute
    return_value = self.execute_callable()
                   ^^^^^^^^^^^^^^^^^^^^^^^
  File "/home/airflow/.local/lib/python3.12/site-packages/airflow/operators/python.py", line 252, in execute_callable
    return self.python_callable(*self.op_args, **self.op_kwargs)
           ^^^^^^^^^^^^^^^^^^^^^^^^^^^^^^^^^^^^^^^^^^^^^^^^^^^^^
  File "/opt/airflow/dags/minio_to_snowflake.py", line 61, in load_to_snowflake
    cur.execute(f"PUT file://{f} @%bronze_stock_quotes_raw")
  File "/home/airflow/.local/lib/python3.12/site-packages/snowflake/connector/cursor.py", line 1010, in execute
    ret = self._execute_helper(query, **kwargs)
          ^^^^^^^^^^^^^^^^^^^^^^^^^^^^^^^^^^^^^
  File "/home/airflow/.local/lib/python3.12/site-packages/snowflake/connector/cursor.py", line 716, in _execute_helper
    ret = self._connection.cmd_query(
          ^^^^^^^^^^^^^^^^^^^^^^^^^^^
  File "/home/airflow/.local/lib/python3.12/site-packages/snowflake/connector/connection.py", line 1900, in cmd_query
    ret = self.rest.request(
          ^^^^^^^^^^^^^^^^^^
  File "/home/airflow/.local/lib/python3.12/site-packages/snowflake/connector/network.py", line 487, in request
    return self._post_request(
           ^^^^^^^^^^^^^^^^^^^
  File "/home/airflow/.local/lib/python3.12/site-packages/snowflake/connector/network.py", line 754, in _post_request
    ret = self.fetch(
          ^^^^^^^^^^^
  File "/home/airflow/.local/lib/python3.12/site-packages/snowflake/connector/network.py", line 873, in fetch
    ret = self._request_exec_wrapper(
          ^^^^^^^^^^^^^^^^^^^^^^^^^^^
  File "/home/airflow/.local/lib/python3.12/site-packages/snowflake/connector/network.py", line 924, in _request_exec_wrapper
    return_object = self._request_exec(
                    ^^^^^^^^^^^^^^^^^^^
  File "/home/airflow/.local/lib/python3.12/site-packages/snowflake/connector/network.py", line 1109, in _request_exec
    raw_ret = session.request(
              ^^^^^^^^^^^^^^^^
  File "/home/airflow/.local/lib/python3.12/site-packages/snowflake/connector/vendored/requests/sessions.py", line 589, in request
    resp = self.send(prep, **send_kwargs)
           ^^^^^^^^^^^^^^^^^^^^^^^^^^^^^^
  File "/home/airflow/.local/lib/python3.12/site-packages/snowflake/connector/vendored/requests/sessions.py", line 703, in send
    r = adapter.send(request, **kwargs)
        ^^^^^^^^^^^^^^^^^^^^^^^^^^^^^^^
  File "/home/airflow/.local/lib/python3.12/site-packages/snowflake/connector/vendored/requests/adapters.py", line 644, in send
    resp = conn.urlopen(
           ^^^^^^^^^^^^^
  File "/home/airflow/.local/lib/python3.12/site-packages/snowflake/connector/vendored/urllib3/connectionpool.py", line 787, in urlopen
    response = self._make_request(
               ^^^^^^^^^^^^^^^^^^^
  File "/home/airflow/.local/lib/python3.12/site-packages/snowflake/connector/vendored/urllib3/connectionpool.py", line 534, in _make_request
    response = conn.getresponse()
               ^^^^^^^^^^^^^^^^^^
  File "/home/airflow/.local/lib/python3.12/site-packages/snowflake/connector/vendored/urllib3/connection.py", line 574, in getresponse
    httplib_response = super().getresponse()
                       ^^^^^^^^^^^^^^^^^^^^^
  File "/usr/local/lib/python3.12/http/client.py", line 1428, in getresponse
    response.begin()
  File "/usr/local/lib/python3.12/http/client.py", line 331, in begin
    version, status, reason = self._read_status()
                              ^^^^^^^^^^^^^^^^^^^
  File "/usr/local/lib/python3.12/http/client.py", line 292, in _read_status
    line = str(self.fp.readline(_MAXLINE + 1), "iso-8859-1")
               ^^^^^^^^^^^^^^^^^^^^^^^^^^^^^^
  File "/usr/local/lib/python3.12/socket.py", line 708, in readinto
    return self._sock.recv_into(b)
           ^^^^^^^^^^^^^^^^^^^^^^^
  File "/home/airflow/.local/lib/python3.12/site-packages/snowflake/connector/vendored/urllib3/contrib/pyopenssl.py", line 338, in recv_into
    if not util.wait_for_read(self.socket, self.socket.gettimeout()):
           ^^^^^^^^^^^^^^^^^^^^^^^^^^^^^^^^^^^^^^^^^^^^^^^^^^^^^^^^^
  File "/home/airflow/.local/lib/python3.12/site-packages/snowflake/connector/vendored/urllib3/util/wait.py", line 117, in wait_for_read
    return wait_for_socket(sock, read=True, timeout=timeout)
           ^^^^^^^^^^^^^^^^^^^^^^^^^^^^^^^^^^^^^^^^^^^^^^^^^
  File "/home/airflow/.local/lib/python3.12/site-packages/snowflake/connector/vendored/urllib3/util/wait.py", line 79, in poll_wait_for_socket
    return bool(do_poll(timeout))
                ^^^^^^^^^^^^^^^^
  File "/home/airflow/.local/lib/python3.12/site-packages/snowflake/connector/vendored/urllib3/util/wait.py", line 77, in do_poll
    return poll_obj.poll(t)
           ^^^^^^^^^^^^^^^^
  File "/home/airflow/.local/lib/python3.12/site-packages/airflow/models/taskinstance.py", line 2613, in signal_handler
    raise AirflowTaskTerminated("Task received SIGTERM signal")
airflow.exceptions.AirflowTaskTerminated: Task received SIGTERM signal
[2025-12-26T08:48:08.175+0000] {taskinstance.py:1206} INFO - Marking task as UP_FOR_RETRY. dag_id=minio_to_snowflake, task_id=load_snowflake, run_id=scheduled__2025-12-26T08:44:00+00:00, execution_date=20251226T084400, start_date=20251226T084731, end_date=20251226T084808
[2025-12-26T08:48:08.341+0000] {process_utils.py:80} INFO - Process psutil.Process(pid=16664, status='terminated', exitcode=2, started='08:47:31') (16664) terminated with exit code 2
