[2025-12-26T07:18:29.834+0000] {local_task_job_runner.py:120} INFO - ::group::Pre task execution logs
[2025-12-26T07:18:29.943+0000] {taskinstance.py:2076} INFO - Dependencies all met for dep_context=non-requeueable deps ti=<TaskInstance: minio_to_snowflake.load_snowflake scheduled__2025-12-26T07:07:00+00:00 [queued]>
[2025-12-26T07:18:29.959+0000] {taskinstance.py:2076} INFO - Dependencies all met for dep_context=requeueable deps ti=<TaskInstance: minio_to_snowflake.load_snowflake scheduled__2025-12-26T07:07:00+00:00 [queued]>
[2025-12-26T07:18:29.961+0000] {taskinstance.py:2306} INFO - Starting attempt 1 of 2
[2025-12-26T07:18:29.983+0000] {taskinstance.py:2330} INFO - Executing <Task(PythonOperator): load_snowflake> on 2025-12-26 07:07:00+00:00
[2025-12-26T07:18:30.034+0000] {standard_task_runner.py:90} INFO - Running: ['***', 'tasks', 'run', 'minio_to_snowflake', 'load_snowflake', 'scheduled__2025-12-26T07:07:00+00:00', '--job-id', '36', '--raw', '--subdir', 'DAGS_FOLDER/minio_to_snowflake.py', '--cfg-path', '/tmp/tmpjosmkav4']
[2025-12-26T07:18:30.053+0000] {standard_task_runner.py:91} INFO - Job 36: Subtask load_snowflake
[2025-12-26T07:18:30.058+0000] {logging_mixin.py:188} WARNING - /home/***/.local/lib/python3.12/site-packages/***/task/task_runner/standard_task_runner.py:62 DeprecationWarning: This process (pid=22722) is multi-threaded, use of fork() may lead to deadlocks in the child.
[2025-12-26T07:18:30.060+0000] {standard_task_runner.py:64} INFO - Started process 22736 to run task
[2025-12-26T07:18:30.329+0000] {task_command.py:426} INFO - Running <TaskInstance: minio_to_snowflake.load_snowflake scheduled__2025-12-26T07:07:00+00:00 [running]> on host 3fb2a1a27553
[2025-12-26T07:18:30.555+0000] {taskinstance.py:2648} INFO - Exporting env vars: AIRFLOW_CTX_DAG_OWNER='***' AIRFLOW_CTX_DAG_ID='minio_to_snowflake' AIRFLOW_CTX_TASK_ID='load_snowflake' AIRFLOW_CTX_EXECUTION_DATE='2025-12-26T07:07:00+00:00' AIRFLOW_CTX_TRY_NUMBER='1' AIRFLOW_CTX_DAG_RUN_ID='scheduled__2025-12-26T07:07:00+00:00'
[2025-12-26T07:18:30.558+0000] {taskinstance.py:430} INFO - ::endgroup::
[2025-12-26T07:18:30.633+0000] {connection.py:610} INFO - Snowflake Connector for Python Version: 4.1.1, Python Version: 3.12.4, Platform: Linux-6.6.87.2-microsoft-standard-WSL2-x86_64-with-glibc2.36
[2025-12-26T07:18:30.638+0000] {connection.py:1693} INFO - Connecting to GLOBAL Snowflake domain
[2025-12-26T07:18:35.535+0000] {logging_mixin.py:188} INFO - Uploaded /tmp/minio_downloads/1766728889.json to Snowflake stage
[2025-12-26T07:18:35.827+0000] {logging_mixin.py:188} INFO - Uploaded /tmp/minio_downloads/1766728900.json to Snowflake stage
[2025-12-26T07:18:36.108+0000] {logging_mixin.py:188} INFO - Uploaded /tmp/minio_downloads/1766728911.json to Snowflake stage
[2025-12-26T07:18:36.374+0000] {logging_mixin.py:188} INFO - Uploaded /tmp/minio_downloads/1766728923.json to Snowflake stage
[2025-12-26T07:18:36.664+0000] {logging_mixin.py:188} INFO - Uploaded /tmp/minio_downloads/1766728935.json to Snowflake stage
[2025-12-26T07:18:36.949+0000] {logging_mixin.py:188} INFO - Uploaded /tmp/minio_downloads/1766728947.json to Snowflake stage
[2025-12-26T07:18:37.247+0000] {logging_mixin.py:188} INFO - Uploaded /tmp/minio_downloads/1766728960.json to Snowflake stage
[2025-12-26T07:18:37.553+0000] {logging_mixin.py:188} INFO - Uploaded /tmp/minio_downloads/1766728972.json to Snowflake stage
[2025-12-26T07:18:37.829+0000] {logging_mixin.py:188} INFO - Uploaded /tmp/minio_downloads/1766728984.json to Snowflake stage
[2025-12-26T07:18:38.134+0000] {logging_mixin.py:188} INFO - Uploaded /tmp/minio_downloads/1766728995.json to Snowflake stage
[2025-12-26T07:18:38.403+0000] {logging_mixin.py:188} INFO - Uploaded /tmp/minio_downloads/1766729007.json to Snowflake stage
[2025-12-26T07:18:38.663+0000] {logging_mixin.py:188} INFO - Uploaded /tmp/minio_downloads/1766729020.json to Snowflake stage
[2025-12-26T07:18:38.938+0000] {logging_mixin.py:188} INFO - Uploaded /tmp/minio_downloads/1766729032.json to Snowflake stage
[2025-12-26T07:18:39.191+0000] {logging_mixin.py:188} INFO - Uploaded /tmp/minio_downloads/1766729044.json to Snowflake stage
[2025-12-26T07:18:39.461+0000] {logging_mixin.py:188} INFO - Uploaded /tmp/minio_downloads/1766729057.json to Snowflake stage
[2025-12-26T07:18:39.732+0000] {logging_mixin.py:188} INFO - Uploaded /tmp/minio_downloads/1766729070.json to Snowflake stage
[2025-12-26T07:18:40.001+0000] {logging_mixin.py:188} INFO - Uploaded /tmp/minio_downloads/1766729083.json to Snowflake stage
[2025-12-26T07:18:40.321+0000] {logging_mixin.py:188} INFO - Uploaded /tmp/minio_downloads/1766729095.json to Snowflake stage
[2025-12-26T07:18:40.604+0000] {logging_mixin.py:188} INFO - Uploaded /tmp/minio_downloads/1766729109.json to Snowflake stage
[2025-12-26T07:18:40.865+0000] {logging_mixin.py:188} INFO - Uploaded /tmp/minio_downloads/1766729122.json to Snowflake stage
[2025-12-26T07:18:41.125+0000] {logging_mixin.py:188} INFO - Uploaded /tmp/minio_downloads/1766729135.json to Snowflake stage
[2025-12-26T07:18:41.395+0000] {logging_mixin.py:188} INFO - Uploaded /tmp/minio_downloads/1766729147.json to Snowflake stage
[2025-12-26T07:18:41.681+0000] {logging_mixin.py:188} INFO - Uploaded /tmp/minio_downloads/1766729160.json to Snowflake stage
[2025-12-26T07:18:41.962+0000] {logging_mixin.py:188} INFO - Uploaded /tmp/minio_downloads/1766729172.json to Snowflake stage
[2025-12-26T07:18:42.252+0000] {logging_mixin.py:188} INFO - Uploaded /tmp/minio_downloads/1766729185.json to Snowflake stage
[2025-12-26T07:18:42.648+0000] {logging_mixin.py:188} INFO - Uploaded /tmp/minio_downloads/1766729199.json to Snowflake stage
[2025-12-26T07:18:42.929+0000] {logging_mixin.py:188} INFO - Uploaded /tmp/minio_downloads/1766729212.json to Snowflake stage
[2025-12-26T07:18:43.246+0000] {logging_mixin.py:188} INFO - Uploaded /tmp/minio_downloads/1766729225.json to Snowflake stage
[2025-12-26T07:18:43.509+0000] {logging_mixin.py:188} INFO - Uploaded /tmp/minio_downloads/1766729238.json to Snowflake stage
[2025-12-26T07:18:43.803+0000] {logging_mixin.py:188} INFO - Uploaded /tmp/minio_downloads/1766729250.json to Snowflake stage
[2025-12-26T07:18:44.181+0000] {logging_mixin.py:188} INFO - Uploaded /tmp/minio_downloads/1766729263.json to Snowflake stage
[2025-12-26T07:18:44.473+0000] {logging_mixin.py:188} INFO - Uploaded /tmp/minio_downloads/1766729277.json to Snowflake stage
[2025-12-26T07:18:44.751+0000] {logging_mixin.py:188} INFO - Uploaded /tmp/minio_downloads/1766729289.json to Snowflake stage
[2025-12-26T07:18:45.023+0000] {logging_mixin.py:188} INFO - Uploaded /tmp/minio_downloads/1766729301.json to Snowflake stage
[2025-12-26T07:18:45.325+0000] {logging_mixin.py:188} INFO - Uploaded /tmp/minio_downloads/1766729313.json to Snowflake stage
[2025-12-26T07:18:45.604+0000] {logging_mixin.py:188} INFO - Uploaded /tmp/minio_downloads/1766729326.json to Snowflake stage
[2025-12-26T07:18:45.873+0000] {logging_mixin.py:188} INFO - Uploaded /tmp/minio_downloads/1766729338.json to Snowflake stage
[2025-12-26T07:18:46.195+0000] {logging_mixin.py:188} INFO - Uploaded /tmp/minio_downloads/1766729351.json to Snowflake stage
[2025-12-26T07:18:46.476+0000] {logging_mixin.py:188} INFO - Uploaded /tmp/minio_downloads/1766729363.json to Snowflake stage
[2025-12-26T07:18:46.752+0000] {logging_mixin.py:188} INFO - Uploaded /tmp/minio_downloads/1766729376.json to Snowflake stage
[2025-12-26T07:18:47.048+0000] {logging_mixin.py:188} INFO - Uploaded /tmp/minio_downloads/1766729388.json to Snowflake stage
[2025-12-26T07:18:47.326+0000] {logging_mixin.py:188} INFO - Uploaded /tmp/minio_downloads/1766729401.json to Snowflake stage
[2025-12-26T07:18:47.589+0000] {logging_mixin.py:188} INFO - Uploaded /tmp/minio_downloads/1766729413.json to Snowflake stage
[2025-12-26T07:18:47.889+0000] {logging_mixin.py:188} INFO - Uploaded /tmp/minio_downloads/1766729425.json to Snowflake stage
[2025-12-26T07:18:48.165+0000] {logging_mixin.py:188} INFO - Uploaded /tmp/minio_downloads/1766729438.json to Snowflake stage
[2025-12-26T07:18:48.422+0000] {logging_mixin.py:188} INFO - Uploaded /tmp/minio_downloads/1766729450.json to Snowflake stage
[2025-12-26T07:18:48.703+0000] {logging_mixin.py:188} INFO - Uploaded /tmp/minio_downloads/1766729463.json to Snowflake stage
[2025-12-26T07:18:48.970+0000] {logging_mixin.py:188} INFO - Uploaded /tmp/minio_downloads/1766729476.json to Snowflake stage
[2025-12-26T07:18:49.235+0000] {logging_mixin.py:188} INFO - Uploaded /tmp/minio_downloads/1766729489.json to Snowflake stage
[2025-12-26T07:18:49.500+0000] {logging_mixin.py:188} INFO - Uploaded /tmp/minio_downloads/1766729502.json to Snowflake stage
[2025-12-26T07:18:49.755+0000] {logging_mixin.py:188} INFO - Uploaded /tmp/minio_downloads/1766729514.json to Snowflake stage
[2025-12-26T07:18:50.015+0000] {logging_mixin.py:188} INFO - Uploaded /tmp/minio_downloads/1766729526.json to Snowflake stage
[2025-12-26T07:18:50.284+0000] {logging_mixin.py:188} INFO - Uploaded /tmp/minio_downloads/1766729538.json to Snowflake stage
[2025-12-26T07:18:50.577+0000] {logging_mixin.py:188} INFO - Uploaded /tmp/minio_downloads/1766729550.json to Snowflake stage
[2025-12-26T07:18:50.839+0000] {logging_mixin.py:188} INFO - Uploaded /tmp/minio_downloads/1766729563.json to Snowflake stage
[2025-12-26T07:18:51.142+0000] {logging_mixin.py:188} INFO - Uploaded /tmp/minio_downloads/1766729575.json to Snowflake stage
[2025-12-26T07:18:51.400+0000] {logging_mixin.py:188} INFO - Uploaded /tmp/minio_downloads/1766729588.json to Snowflake stage
[2025-12-26T07:18:51.662+0000] {logging_mixin.py:188} INFO - Uploaded /tmp/minio_downloads/1766729600.json to Snowflake stage
[2025-12-26T07:18:51.923+0000] {logging_mixin.py:188} INFO - Uploaded /tmp/minio_downloads/1766729613.json to Snowflake stage
[2025-12-26T07:18:52.197+0000] {logging_mixin.py:188} INFO - Uploaded /tmp/minio_downloads/1766729626.json to Snowflake stage
[2025-12-26T07:18:52.485+0000] {logging_mixin.py:188} INFO - Uploaded /tmp/minio_downloads/1766729638.json to Snowflake stage
[2025-12-26T07:18:52.781+0000] {logging_mixin.py:188} INFO - Uploaded /tmp/minio_downloads/1766729649.json to Snowflake stage
[2025-12-26T07:18:53.076+0000] {logging_mixin.py:188} INFO - Uploaded /tmp/minio_downloads/1766729661.json to Snowflake stage
[2025-12-26T07:18:53.474+0000] {logging_mixin.py:188} INFO - Uploaded /tmp/minio_downloads/1766729673.json to Snowflake stage
[2025-12-26T07:18:53.768+0000] {logging_mixin.py:188} INFO - Uploaded /tmp/minio_downloads/1766729685.json to Snowflake stage
[2025-12-26T07:18:54.070+0000] {logging_mixin.py:188} INFO - Uploaded /tmp/minio_downloads/1766729697.json to Snowflake stage
[2025-12-26T07:18:54.117+0000] {local_task_job_runner.py:124} ERROR - Received SIGTERM. Terminating subprocesses
[2025-12-26T07:18:54.152+0000] {process_utils.py:132} INFO - Sending 15 to group 22736. PIDs of all processes in the group: [22736]
[2025-12-26T07:18:54.157+0000] {process_utils.py:87} INFO - Sending the signal 15 to group 22736
[2025-12-26T07:18:54.161+0000] {taskinstance.py:2611} ERROR - Received SIGTERM. Terminating subprocesses.
[2025-12-26T07:18:54.170+0000] {taskinstance.py:441} INFO - ::group::Post task execution logs
[2025-12-26T07:18:54.565+0000] {taskinstance.py:2905} ERROR - Task failed with exception
Traceback (most recent call last):
  File "/home/airflow/.local/lib/python3.12/site-packages/snowflake/connector/vendored/urllib3/contrib/pyopenssl.py", line 326, in recv_into
    return self.connection.recv_into(*args, **kwargs)  # type: ignore[no-any-return]
           ^^^^^^^^^^^^^^^^^^^^^^^^^^^^^^^^^^^^^^^^^^
  File "/home/airflow/.local/lib/python3.12/site-packages/OpenSSL/SSL.py", line 2339, in recv_into
    self._raise_ssl_error(self._ssl, result)
  File "/home/airflow/.local/lib/python3.12/site-packages/OpenSSL/SSL.py", line 2017, in _raise_ssl_error
    raise WantReadError()
OpenSSL.SSL.WantReadError

During handling of the above exception, another exception occurred:

Traceback (most recent call last):
  File "/home/airflow/.local/lib/python3.12/site-packages/airflow/models/taskinstance.py", line 465, in _execute_task
    result = _execute_callable(context=context, **execute_callable_kwargs)
             ^^^^^^^^^^^^^^^^^^^^^^^^^^^^^^^^^^^^^^^^^^^^^^^^^^^^^^^^^^^^^
  File "/home/airflow/.local/lib/python3.12/site-packages/airflow/models/taskinstance.py", line 432, in _execute_callable
    return execute_callable(context=context, **execute_callable_kwargs)
           ^^^^^^^^^^^^^^^^^^^^^^^^^^^^^^^^^^^^^^^^^^^^^^^^^^^^^^^^^^^^
  File "/home/airflow/.local/lib/python3.12/site-packages/airflow/models/baseoperator.py", line 401, in wrapper
    return func(self, *args, **kwargs)
           ^^^^^^^^^^^^^^^^^^^^^^^^^^^
  File "/home/airflow/.local/lib/python3.12/site-packages/airflow/operators/python.py", line 235, in execute
    return_value = self.execute_callable()
                   ^^^^^^^^^^^^^^^^^^^^^^^
  File "/home/airflow/.local/lib/python3.12/site-packages/airflow/operators/python.py", line 252, in execute_callable
    return self.python_callable(*self.op_args, **self.op_kwargs)
           ^^^^^^^^^^^^^^^^^^^^^^^^^^^^^^^^^^^^^^^^^^^^^^^^^^^^^
  File "/opt/airflow/dags/minio_to_snowflake.py", line 61, in load_to_snowflake
    cur.execute(f"PUT file://{f} @%bronze_stock_quotes_raw")
  File "/home/airflow/.local/lib/python3.12/site-packages/snowflake/connector/cursor.py", line 1010, in execute
    ret = self._execute_helper(query, **kwargs)
          ^^^^^^^^^^^^^^^^^^^^^^^^^^^^^^^^^^^^^
  File "/home/airflow/.local/lib/python3.12/site-packages/snowflake/connector/cursor.py", line 716, in _execute_helper
    ret = self._connection.cmd_query(
          ^^^^^^^^^^^^^^^^^^^^^^^^^^^
  File "/home/airflow/.local/lib/python3.12/site-packages/snowflake/connector/connection.py", line 1900, in cmd_query
    ret = self.rest.request(
          ^^^^^^^^^^^^^^^^^^
  File "/home/airflow/.local/lib/python3.12/site-packages/snowflake/connector/network.py", line 487, in request
    return self._post_request(
           ^^^^^^^^^^^^^^^^^^^
  File "/home/airflow/.local/lib/python3.12/site-packages/snowflake/connector/network.py", line 754, in _post_request
    ret = self.fetch(
          ^^^^^^^^^^^
  File "/home/airflow/.local/lib/python3.12/site-packages/snowflake/connector/network.py", line 873, in fetch
    ret = self._request_exec_wrapper(
          ^^^^^^^^^^^^^^^^^^^^^^^^^^^
  File "/home/airflow/.local/lib/python3.12/site-packages/snowflake/connector/network.py", line 924, in _request_exec_wrapper
    return_object = self._request_exec(
                    ^^^^^^^^^^^^^^^^^^^
  File "/home/airflow/.local/lib/python3.12/site-packages/snowflake/connector/network.py", line 1109, in _request_exec
    raw_ret = session.request(
              ^^^^^^^^^^^^^^^^
  File "/home/airflow/.local/lib/python3.12/site-packages/snowflake/connector/vendored/requests/sessions.py", line 589, in request
    resp = self.send(prep, **send_kwargs)
           ^^^^^^^^^^^^^^^^^^^^^^^^^^^^^^
  File "/home/airflow/.local/lib/python3.12/site-packages/snowflake/connector/vendored/requests/sessions.py", line 703, in send
    r = adapter.send(request, **kwargs)
        ^^^^^^^^^^^^^^^^^^^^^^^^^^^^^^^
  File "/home/airflow/.local/lib/python3.12/site-packages/snowflake/connector/vendored/requests/adapters.py", line 644, in send
    resp = conn.urlopen(
           ^^^^^^^^^^^^^
  File "/home/airflow/.local/lib/python3.12/site-packages/snowflake/connector/vendored/urllib3/connectionpool.py", line 787, in urlopen
    response = self._make_request(
               ^^^^^^^^^^^^^^^^^^^
  File "/home/airflow/.local/lib/python3.12/site-packages/snowflake/connector/vendored/urllib3/connectionpool.py", line 534, in _make_request
    response = conn.getresponse()
               ^^^^^^^^^^^^^^^^^^
  File "/home/airflow/.local/lib/python3.12/site-packages/snowflake/connector/vendored/urllib3/connection.py", line 574, in getresponse
    httplib_response = super().getresponse()
                       ^^^^^^^^^^^^^^^^^^^^^
  File "/usr/local/lib/python3.12/http/client.py", line 1428, in getresponse
    response.begin()
  File "/usr/local/lib/python3.12/http/client.py", line 331, in begin
    version, status, reason = self._read_status()
                              ^^^^^^^^^^^^^^^^^^^
  File "/usr/local/lib/python3.12/http/client.py", line 292, in _read_status
    line = str(self.fp.readline(_MAXLINE + 1), "iso-8859-1")
               ^^^^^^^^^^^^^^^^^^^^^^^^^^^^^^
  File "/usr/local/lib/python3.12/socket.py", line 708, in readinto
    return self._sock.recv_into(b)
           ^^^^^^^^^^^^^^^^^^^^^^^
  File "/home/airflow/.local/lib/python3.12/site-packages/snowflake/connector/vendored/urllib3/contrib/pyopenssl.py", line 338, in recv_into
    if not util.wait_for_read(self.socket, self.socket.gettimeout()):
           ^^^^^^^^^^^^^^^^^^^^^^^^^^^^^^^^^^^^^^^^^^^^^^^^^^^^^^^^^
  File "/home/airflow/.local/lib/python3.12/site-packages/snowflake/connector/vendored/urllib3/util/wait.py", line 117, in wait_for_read
    return wait_for_socket(sock, read=True, timeout=timeout)
           ^^^^^^^^^^^^^^^^^^^^^^^^^^^^^^^^^^^^^^^^^^^^^^^^^
  File "/home/airflow/.local/lib/python3.12/site-packages/snowflake/connector/vendored/urllib3/util/wait.py", line 79, in poll_wait_for_socket
    return bool(do_poll(timeout))
                ^^^^^^^^^^^^^^^^
  File "/home/airflow/.local/lib/python3.12/site-packages/snowflake/connector/vendored/urllib3/util/wait.py", line 77, in do_poll
    return poll_obj.poll(t)
           ^^^^^^^^^^^^^^^^
  File "/home/airflow/.local/lib/python3.12/site-packages/airflow/models/taskinstance.py", line 2613, in signal_handler
    raise AirflowTaskTerminated("Task received SIGTERM signal")
airflow.exceptions.AirflowTaskTerminated: Task received SIGTERM signal
[2025-12-26T07:18:54.824+0000] {taskinstance.py:1206} INFO - Marking task as UP_FOR_RETRY. dag_id=minio_to_snowflake, task_id=load_snowflake, run_id=scheduled__2025-12-26T07:07:00+00:00, execution_date=20251226T070700, start_date=20251226T071829, end_date=20251226T071854
[2025-12-26T07:18:55.101+0000] {process_utils.py:80} INFO - Process psutil.Process(pid=22736, status='terminated', exitcode=2, started='07:18:29') (22736) terminated with exit code 2
[2025-12-26T07:18:55.105+0000] {local_task_job_runner.py:243} INFO - Task exited with return code 143
