[2025-12-26T06:13:23.880+0000] {local_task_job_runner.py:120} INFO - ::group::Pre task execution logs
[2025-12-26T06:13:24.040+0000] {taskinstance.py:2076} INFO - Dependencies all met for dep_context=non-requeueable deps ti=<TaskInstance: minio_to_snowflake.dbt_transform scheduled__2025-12-26T06:04:00+00:00 [queued]>
[2025-12-26T06:13:24.073+0000] {taskinstance.py:2076} INFO - Dependencies all met for dep_context=requeueable deps ti=<TaskInstance: minio_to_snowflake.dbt_transform scheduled__2025-12-26T06:04:00+00:00 [queued]>
[2025-12-26T06:13:24.075+0000] {taskinstance.py:2306} INFO - Starting attempt 1 of 2
[2025-12-26T06:13:24.102+0000] {taskinstance.py:2330} INFO - Executing <Task(BashOperator): dbt_transform> on 2025-12-26 06:04:00+00:00
[2025-12-26T06:13:24.128+0000] {standard_task_runner.py:90} INFO - Running: ['***', 'tasks', 'run', 'minio_to_snowflake', 'dbt_transform', 'scheduled__2025-12-26T06:04:00+00:00', '--job-id', '7', '--raw', '--subdir', 'DAGS_FOLDER/minio_to_snowflake.py', '--cfg-path', '/tmp/tmp7oeju1ys']
[2025-12-26T06:13:24.134+0000] {standard_task_runner.py:91} INFO - Job 7: Subtask dbt_transform
[2025-12-26T06:13:24.137+0000] {logging_mixin.py:188} WARNING - /home/***/.local/lib/python3.12/site-packages/***/task/task_runner/standard_task_runner.py:62 DeprecationWarning: This process (pid=1865) is multi-threaded, use of fork() may lead to deadlocks in the child.
[2025-12-26T06:13:24.139+0000] {standard_task_runner.py:64} INFO - Started process 1880 to run task
[2025-12-26T06:13:24.274+0000] {task_command.py:426} INFO - Running <TaskInstance: minio_to_snowflake.dbt_transform scheduled__2025-12-26T06:04:00+00:00 [running]> on host 3fb2a1a27553
[2025-12-26T06:13:24.504+0000] {taskinstance.py:2648} INFO - Exporting env vars: AIRFLOW_CTX_DAG_OWNER='***' AIRFLOW_CTX_DAG_ID='minio_to_snowflake' AIRFLOW_CTX_TASK_ID='dbt_transform' AIRFLOW_CTX_EXECUTION_DATE='2025-12-26T06:04:00+00:00' AIRFLOW_CTX_TRY_NUMBER='1' AIRFLOW_CTX_DAG_RUN_ID='scheduled__2025-12-26T06:04:00+00:00'
[2025-12-26T06:13:24.506+0000] {taskinstance.py:430} INFO - ::endgroup::
[2025-12-26T06:13:24.603+0000] {subprocess.py:63} INFO - Tmp dir root location: /tmp
[2025-12-26T06:13:24.606+0000] {subprocess.py:75} INFO - Running command: ['/usr/bin/bash', '-c', 'cd /opt/***/dbt_stocks && /home/***/.local/bin/dbt run --profiles-dir .']
[2025-12-26T06:13:24.673+0000] {subprocess.py:86} INFO - Output:
[2025-12-26T06:13:33.779+0000] {subprocess.py:93} INFO - [0m06:13:33  Running with dbt=1.11.2
[2025-12-26T06:13:33.783+0000] {subprocess.py:93} INFO - [0m06:13:33  Encountered an error:
[2025-12-26T06:13:33.784+0000] {subprocess.py:93} INFO - Runtime Error
[2025-12-26T06:13:33.785+0000] {subprocess.py:93} INFO -   No dbt_project.yml found at expected path /opt/***/dbt_stocks/dbt_project.yml
[2025-12-26T06:13:33.786+0000] {subprocess.py:93} INFO -   Verify that each entry within packages.yml (and their transitive dependencies) contains a file named dbt_project.yml
[2025-12-26T06:13:33.787+0000] {subprocess.py:93} INFO - 
[2025-12-26T06:13:36.522+0000] {subprocess.py:97} INFO - Command exited with return code 2
[2025-12-26T06:13:36.524+0000] {taskinstance.py:441} INFO - ::group::Post task execution logs
[2025-12-26T06:13:36.560+0000] {taskinstance.py:2905} ERROR - Task failed with exception
Traceback (most recent call last):
  File "/home/airflow/.local/lib/python3.12/site-packages/airflow/models/taskinstance.py", line 465, in _execute_task
    result = _execute_callable(context=context, **execute_callable_kwargs)
             ^^^^^^^^^^^^^^^^^^^^^^^^^^^^^^^^^^^^^^^^^^^^^^^^^^^^^^^^^^^^^
  File "/home/airflow/.local/lib/python3.12/site-packages/airflow/models/taskinstance.py", line 432, in _execute_callable
    return execute_callable(context=context, **execute_callable_kwargs)
           ^^^^^^^^^^^^^^^^^^^^^^^^^^^^^^^^^^^^^^^^^^^^^^^^^^^^^^^^^^^^
  File "/home/airflow/.local/lib/python3.12/site-packages/airflow/models/baseoperator.py", line 401, in wrapper
    return func(self, *args, **kwargs)
           ^^^^^^^^^^^^^^^^^^^^^^^^^^^
  File "/home/airflow/.local/lib/python3.12/site-packages/airflow/operators/bash.py", line 243, in execute
    raise AirflowException(
airflow.exceptions.AirflowException: Bash command failed. The command returned a non-zero exit code 2.
[2025-12-26T06:13:36.592+0000] {taskinstance.py:1206} INFO - Marking task as UP_FOR_RETRY. dag_id=minio_to_snowflake, task_id=dbt_transform, run_id=scheduled__2025-12-26T06:04:00+00:00, execution_date=20251226T060400, start_date=20251226T061324, end_date=20251226T061336
[2025-12-26T06:13:36.657+0000] {standard_task_runner.py:110} ERROR - Failed to execute job 7 for task dbt_transform (Bash command failed. The command returned a non-zero exit code 2.; 1880)
[2025-12-26T06:13:36.707+0000] {local_task_job_runner.py:243} INFO - Task exited with return code 1
[2025-12-26T06:13:36.749+0000] {taskinstance.py:3503} INFO - 0 downstream tasks scheduled from follow-on schedule check
[2025-12-26T06:13:36.759+0000] {local_task_job_runner.py:222} INFO - ::endgroup::
