[2025-12-25T15:22:21.573+0000] {local_task_job_runner.py:120} INFO - ::group::Pre task execution logs
[2025-12-25T15:22:21.688+0000] {taskinstance.py:2076} INFO - Dependencies all met for dep_context=non-requeueable deps ti=<TaskInstance: minio_to_snowflake.load_snowflake scheduled__2025-12-25T15:17:00+00:00 [queued]>
[2025-12-25T15:22:21.706+0000] {taskinstance.py:2076} INFO - Dependencies all met for dep_context=requeueable deps ti=<TaskInstance: minio_to_snowflake.load_snowflake scheduled__2025-12-25T15:17:00+00:00 [queued]>
[2025-12-25T15:22:21.707+0000] {taskinstance.py:2306} INFO - Starting attempt 1 of 2
[2025-12-25T15:22:21.751+0000] {taskinstance.py:2330} INFO - Executing <Task(PythonOperator): load_snowflake> on 2025-12-25 15:17:00+00:00
[2025-12-25T15:22:21.803+0000] {standard_task_runner.py:90} INFO - Running: ['***', 'tasks', 'run', 'minio_to_snowflake', 'load_snowflake', 'scheduled__2025-12-25T15:17:00+00:00', '--job-id', '15', '--raw', '--subdir', 'DAGS_FOLDER/minio_to_snowflake.py', '--cfg-path', '/tmp/tmpw9sp4nwi']
[2025-12-25T15:22:21.809+0000] {standard_task_runner.py:91} INFO - Job 15: Subtask load_snowflake
[2025-12-25T15:22:21.811+0000] {logging_mixin.py:188} WARNING - /home/***/.local/lib/python3.12/site-packages/***/task/task_runner/standard_task_runner.py:62 DeprecationWarning: This process (pid=3108) is multi-threaded, use of fork() may lead to deadlocks in the child.
[2025-12-25T15:22:21.814+0000] {standard_task_runner.py:64} INFO - Started process 3122 to run task
[2025-12-25T15:22:21.977+0000] {task_command.py:426} INFO - Running <TaskInstance: minio_to_snowflake.load_snowflake scheduled__2025-12-25T15:17:00+00:00 [running]> on host 507725cbaced
[2025-12-25T15:22:22.244+0000] {taskinstance.py:2648} INFO - Exporting env vars: AIRFLOW_CTX_DAG_OWNER='***' AIRFLOW_CTX_DAG_ID='minio_to_snowflake' AIRFLOW_CTX_TASK_ID='load_snowflake' AIRFLOW_CTX_EXECUTION_DATE='2025-12-25T15:17:00+00:00' AIRFLOW_CTX_TRY_NUMBER='1' AIRFLOW_CTX_DAG_RUN_ID='scheduled__2025-12-25T15:17:00+00:00'
[2025-12-25T15:22:22.266+0000] {taskinstance.py:430} INFO - ::endgroup::
[2025-12-25T15:22:22.352+0000] {connection.py:610} INFO - Snowflake Connector for Python Version: 4.1.1, Python Version: 3.12.4, Platform: Linux-6.6.87.2-microsoft-standard-WSL2-x86_64-with-glibc2.36
[2025-12-25T15:22:22.362+0000] {connection.py:1693} INFO - Connecting to GLOBAL Snowflake domain
[2025-12-25T15:22:28.744+0000] {logging_mixin.py:188} INFO - Uploaded /tmp/minio_downloads/1766675270.json to Snowflake stage
[2025-12-25T15:22:29.032+0000] {logging_mixin.py:188} INFO - Uploaded /tmp/minio_downloads/1766675282.json to Snowflake stage
[2025-12-25T15:22:29.285+0000] {logging_mixin.py:188} INFO - Uploaded /tmp/minio_downloads/1766675294.json to Snowflake stage
[2025-12-25T15:22:29.601+0000] {logging_mixin.py:188} INFO - Uploaded /tmp/minio_downloads/1766675306.json to Snowflake stage
[2025-12-25T15:22:29.896+0000] {logging_mixin.py:188} INFO - Uploaded /tmp/minio_downloads/1766675318.json to Snowflake stage
[2025-12-25T15:22:30.289+0000] {logging_mixin.py:188} INFO - Uploaded /tmp/minio_downloads/1766675330.json to Snowflake stage
[2025-12-25T15:22:30.655+0000] {logging_mixin.py:188} INFO - Uploaded /tmp/minio_downloads/1766675342.json to Snowflake stage
[2025-12-25T15:22:30.922+0000] {logging_mixin.py:188} INFO - Uploaded /tmp/minio_downloads/1766675354.json to Snowflake stage
[2025-12-25T15:22:31.184+0000] {logging_mixin.py:188} INFO - Uploaded /tmp/minio_downloads/1766675366.json to Snowflake stage
[2025-12-25T15:22:31.443+0000] {logging_mixin.py:188} INFO - Uploaded /tmp/minio_downloads/1766675378.json to Snowflake stage
[2025-12-25T15:22:31.700+0000] {logging_mixin.py:188} INFO - Uploaded /tmp/minio_downloads/1766675390.json to Snowflake stage
[2025-12-25T15:22:31.952+0000] {logging_mixin.py:188} INFO - Uploaded /tmp/minio_downloads/1766675404.json to Snowflake stage
[2025-12-25T15:22:32.212+0000] {logging_mixin.py:188} INFO - Uploaded /tmp/minio_downloads/1766675416.json to Snowflake stage
[2025-12-25T15:22:32.472+0000] {logging_mixin.py:188} INFO - Uploaded /tmp/minio_downloads/1766675428.json to Snowflake stage
[2025-12-25T15:22:32.730+0000] {logging_mixin.py:188} INFO - Uploaded /tmp/minio_downloads/1766675442.json to Snowflake stage
[2025-12-25T15:22:32.985+0000] {logging_mixin.py:188} INFO - Uploaded /tmp/minio_downloads/1766675456.json to Snowflake stage
[2025-12-25T15:22:33.243+0000] {logging_mixin.py:188} INFO - Uploaded /tmp/minio_downloads/1766675469.json to Snowflake stage
[2025-12-25T15:22:33.500+0000] {logging_mixin.py:188} INFO - Uploaded /tmp/minio_downloads/1766675481.json to Snowflake stage
[2025-12-25T15:22:33.754+0000] {logging_mixin.py:188} INFO - Uploaded /tmp/minio_downloads/1766675493.json to Snowflake stage
[2025-12-25T15:22:34.012+0000] {logging_mixin.py:188} INFO - Uploaded /tmp/minio_downloads/1766675505.json to Snowflake stage
[2025-12-25T15:22:34.269+0000] {logging_mixin.py:188} INFO - Uploaded /tmp/minio_downloads/1766675517.json to Snowflake stage
[2025-12-25T15:22:34.529+0000] {logging_mixin.py:188} INFO - Uploaded /tmp/minio_downloads/1766675530.json to Snowflake stage
[2025-12-25T15:22:34.794+0000] {logging_mixin.py:188} INFO - Uploaded /tmp/minio_downloads/1766675543.json to Snowflake stage
[2025-12-25T15:22:35.052+0000] {logging_mixin.py:188} INFO - Uploaded /tmp/minio_downloads/1766675557.json to Snowflake stage
[2025-12-25T15:22:35.311+0000] {logging_mixin.py:188} INFO - Uploaded /tmp/minio_downloads/1766675638.json to Snowflake stage
[2025-12-25T15:22:35.580+0000] {logging_mixin.py:188} INFO - Uploaded /tmp/minio_downloads/1766675701.json to Snowflake stage
[2025-12-25T15:22:35.845+0000] {logging_mixin.py:188} INFO - Uploaded /tmp/minio_downloads/1766675715.json to Snowflake stage
[2025-12-25T15:22:36.108+0000] {logging_mixin.py:188} INFO - Uploaded /tmp/minio_downloads/1766675727.json to Snowflake stage
[2025-12-25T15:22:36.379+0000] {logging_mixin.py:188} INFO - Uploaded /tmp/minio_downloads/1766675739.json to Snowflake stage
[2025-12-25T15:22:36.637+0000] {logging_mixin.py:188} INFO - Uploaded /tmp/minio_downloads/1766675751.json to Snowflake stage
[2025-12-25T15:22:36.894+0000] {logging_mixin.py:188} INFO - Uploaded /tmp/minio_downloads/1766675763.json to Snowflake stage
[2025-12-25T15:22:37.154+0000] {logging_mixin.py:188} INFO - Uploaded /tmp/minio_downloads/1766675775.json to Snowflake stage
[2025-12-25T15:22:37.428+0000] {logging_mixin.py:188} INFO - Uploaded /tmp/minio_downloads/1766675788.json to Snowflake stage
[2025-12-25T15:22:37.714+0000] {logging_mixin.py:188} INFO - Uploaded /tmp/minio_downloads/1766675800.json to Snowflake stage
[2025-12-25T15:22:37.983+0000] {logging_mixin.py:188} INFO - Uploaded /tmp/minio_downloads/1766675813.json to Snowflake stage
[2025-12-25T15:22:38.243+0000] {logging_mixin.py:188} INFO - Uploaded /tmp/minio_downloads/1766675825.json to Snowflake stage
[2025-12-25T15:22:38.500+0000] {logging_mixin.py:188} INFO - Uploaded /tmp/minio_downloads/1766675837.json to Snowflake stage
[2025-12-25T15:22:38.884+0000] {logging_mixin.py:188} INFO - Uploaded /tmp/minio_downloads/1766675848.json to Snowflake stage
[2025-12-25T15:22:39.263+0000] {logging_mixin.py:188} INFO - Uploaded /tmp/minio_downloads/1766675862.json to Snowflake stage
[2025-12-25T15:22:39.650+0000] {logging_mixin.py:188} INFO - Uploaded /tmp/minio_downloads/1766675875.json to Snowflake stage
[2025-12-25T15:22:40.050+0000] {logging_mixin.py:188} INFO - Uploaded /tmp/minio_downloads/1766675887.json to Snowflake stage
[2025-12-25T15:22:40.441+0000] {logging_mixin.py:188} INFO - Uploaded /tmp/minio_downloads/1766675899.json to Snowflake stage
[2025-12-25T15:22:40.839+0000] {logging_mixin.py:188} INFO - Uploaded /tmp/minio_downloads/1766675911.json to Snowflake stage
[2025-12-25T15:22:41.257+0000] {logging_mixin.py:188} INFO - Uploaded /tmp/minio_downloads/1766675924.json to Snowflake stage
[2025-12-25T15:22:41.641+0000] {logging_mixin.py:188} INFO - Uploaded /tmp/minio_downloads/1766675936.json to Snowflake stage
[2025-12-25T15:22:42.029+0000] {logging_mixin.py:188} INFO - Uploaded /tmp/minio_downloads/1766675949.json to Snowflake stage
[2025-12-25T15:22:42.433+0000] {logging_mixin.py:188} INFO - Uploaded /tmp/minio_downloads/1766675961.json to Snowflake stage
[2025-12-25T15:22:42.832+0000] {logging_mixin.py:188} INFO - Uploaded /tmp/minio_downloads/1766675973.json to Snowflake stage
[2025-12-25T15:22:43.255+0000] {logging_mixin.py:188} INFO - Uploaded /tmp/minio_downloads/1766675985.json to Snowflake stage
[2025-12-25T15:22:43.692+0000] {logging_mixin.py:188} INFO - Uploaded /tmp/minio_downloads/1766675998.json to Snowflake stage
[2025-12-25T15:22:43.947+0000] {logging_mixin.py:188} INFO - Uploaded /tmp/minio_downloads/1766675275.json to Snowflake stage
[2025-12-25T15:22:44.220+0000] {logging_mixin.py:188} INFO - Uploaded /tmp/minio_downloads/1766675287.json to Snowflake stage
[2025-12-25T15:22:44.579+0000] {logging_mixin.py:188} INFO - Uploaded /tmp/minio_downloads/1766675299.json to Snowflake stage
[2025-12-25T15:22:44.837+0000] {logging_mixin.py:188} INFO - Uploaded /tmp/minio_downloads/1766675311.json to Snowflake stage
[2025-12-25T15:22:45.099+0000] {logging_mixin.py:188} INFO - Uploaded /tmp/minio_downloads/1766675323.json to Snowflake stage
[2025-12-25T15:22:45.412+0000] {logging_mixin.py:188} INFO - Uploaded /tmp/minio_downloads/1766675335.json to Snowflake stage
[2025-12-25T15:22:45.728+0000] {logging_mixin.py:188} INFO - Uploaded /tmp/minio_downloads/1766675347.json to Snowflake stage
[2025-12-25T15:22:45.997+0000] {logging_mixin.py:188} INFO - Uploaded /tmp/minio_downloads/1766675359.json to Snowflake stage
[2025-12-25T15:22:46.272+0000] {logging_mixin.py:188} INFO - Uploaded /tmp/minio_downloads/1766675371.json to Snowflake stage
[2025-12-25T15:22:46.546+0000] {logging_mixin.py:188} INFO - Uploaded /tmp/minio_downloads/1766675382.json to Snowflake stage
[2025-12-25T15:22:46.806+0000] {logging_mixin.py:188} INFO - Uploaded /tmp/minio_downloads/1766675396.json to Snowflake stage
[2025-12-25T15:22:47.084+0000] {logging_mixin.py:188} INFO - Uploaded /tmp/minio_downloads/1766675409.json to Snowflake stage
[2025-12-25T15:22:47.373+0000] {logging_mixin.py:188} INFO - Uploaded /tmp/minio_downloads/1766675421.json to Snowflake stage
[2025-12-25T15:22:47.651+0000] {logging_mixin.py:188} INFO - Uploaded /tmp/minio_downloads/1766675434.json to Snowflake stage
[2025-12-25T15:22:47.926+0000] {logging_mixin.py:188} INFO - Uploaded /tmp/minio_downloads/1766675448.json to Snowflake stage
[2025-12-25T15:22:48.205+0000] {logging_mixin.py:188} INFO - Uploaded /tmp/minio_downloads/1766675461.json to Snowflake stage
[2025-12-25T15:22:48.488+0000] {logging_mixin.py:188} INFO - Uploaded /tmp/minio_downloads/1766675474.json to Snowflake stage
[2025-12-25T15:22:48.806+0000] {logging_mixin.py:188} INFO - Uploaded /tmp/minio_downloads/1766675486.json to Snowflake stage
[2025-12-25T15:22:49.159+0000] {logging_mixin.py:188} INFO - Uploaded /tmp/minio_downloads/1766675498.json to Snowflake stage
[2025-12-25T15:22:49.466+0000] {logging_mixin.py:188} INFO - Uploaded /tmp/minio_downloads/1766675510.json to Snowflake stage
[2025-12-25T15:22:49.731+0000] {logging_mixin.py:188} INFO - Uploaded /tmp/minio_downloads/1766675523.json to Snowflake stage
[2025-12-25T15:22:49.989+0000] {logging_mixin.py:188} INFO - Uploaded /tmp/minio_downloads/1766675536.json to Snowflake stage
[2025-12-25T15:22:50.249+0000] {logging_mixin.py:188} INFO - Uploaded /tmp/minio_downloads/1766675550.json to Snowflake stage
[2025-12-25T15:22:50.506+0000] {logging_mixin.py:188} INFO - Uploaded /tmp/minio_downloads/1766675563.json to Snowflake stage
[2025-12-25T15:22:50.770+0000] {logging_mixin.py:188} INFO - Uploaded /tmp/minio_downloads/1766675598.json to Snowflake stage
[2025-12-25T15:22:51.022+0000] {logging_mixin.py:188} INFO - Uploaded /tmp/minio_downloads/1766675630.json to Snowflake stage
[2025-12-25T15:22:51.281+0000] {logging_mixin.py:188} INFO - Uploaded /tmp/minio_downloads/1766675694.json to Snowflake stage
[2025-12-25T15:22:51.541+0000] {logging_mixin.py:188} INFO - Uploaded /tmp/minio_downloads/1766675708.json to Snowflake stage
[2025-12-25T15:22:51.800+0000] {logging_mixin.py:188} INFO - Uploaded /tmp/minio_downloads/1766675720.json to Snowflake stage
[2025-12-25T15:22:52.068+0000] {logging_mixin.py:188} INFO - Uploaded /tmp/minio_downloads/1766675732.json to Snowflake stage
[2025-12-25T15:22:52.429+0000] {logging_mixin.py:188} INFO - Uploaded /tmp/minio_downloads/1766675743.json to Snowflake stage
[2025-12-25T15:22:52.812+0000] {logging_mixin.py:188} INFO - Uploaded /tmp/minio_downloads/1766675756.json to Snowflake stage
[2025-12-25T15:22:53.115+0000] {logging_mixin.py:188} INFO - Uploaded /tmp/minio_downloads/1766675768.json to Snowflake stage
[2025-12-25T15:22:53.409+0000] {logging_mixin.py:188} INFO - Uploaded /tmp/minio_downloads/1766675781.json to Snowflake stage
[2025-12-25T15:22:53.681+0000] {logging_mixin.py:188} INFO - Uploaded /tmp/minio_downloads/1766675793.json to Snowflake stage
[2025-12-25T15:22:53.956+0000] {logging_mixin.py:188} INFO - Uploaded /tmp/minio_downloads/1766675806.json to Snowflake stage
[2025-12-25T15:22:54.249+0000] {logging_mixin.py:188} INFO - Uploaded /tmp/minio_downloads/1766675817.json to Snowflake stage
[2025-12-25T15:22:55.060+0000] {logging_mixin.py:188} INFO - Uploaded /tmp/minio_downloads/1766675830.json to Snowflake stage
[2025-12-25T15:22:55.328+0000] {logging_mixin.py:188} INFO - Uploaded /tmp/minio_downloads/1766675841.json to Snowflake stage
[2025-12-25T15:22:55.914+0000] {logging_mixin.py:188} INFO - Uploaded /tmp/minio_downloads/1766675855.json to Snowflake stage
[2025-12-25T15:22:56.476+0000] {logging_mixin.py:188} INFO - Uploaded /tmp/minio_downloads/1766675868.json to Snowflake stage
[2025-12-25T15:22:56.871+0000] {logging_mixin.py:188} INFO - Uploaded /tmp/minio_downloads/1766675880.json to Snowflake stage
[2025-12-25T15:22:57.268+0000] {logging_mixin.py:188} INFO - Uploaded /tmp/minio_downloads/1766675892.json to Snowflake stage
[2025-12-25T15:22:57.653+0000] {logging_mixin.py:188} INFO - Uploaded /tmp/minio_downloads/1766675904.json to Snowflake stage
[2025-12-25T15:22:58.011+0000] {logging_mixin.py:188} INFO - Uploaded /tmp/minio_downloads/1766675916.json to Snowflake stage
[2025-12-25T15:22:58.403+0000] {logging_mixin.py:188} INFO - Uploaded /tmp/minio_downloads/1766675929.json to Snowflake stage
[2025-12-25T15:22:58.804+0000] {logging_mixin.py:188} INFO - Uploaded /tmp/minio_downloads/1766675942.json to Snowflake stage
[2025-12-25T15:22:59.196+0000] {logging_mixin.py:188} INFO - Uploaded /tmp/minio_downloads/1766675954.json to Snowflake stage
[2025-12-25T15:22:59.594+0000] {logging_mixin.py:188} INFO - Uploaded /tmp/minio_downloads/1766675966.json to Snowflake stage
[2025-12-25T15:22:59.976+0000] {logging_mixin.py:188} INFO - Uploaded /tmp/minio_downloads/1766675978.json to Snowflake stage
[2025-12-25T15:23:00.361+0000] {logging_mixin.py:188} INFO - Uploaded /tmp/minio_downloads/1766675991.json to Snowflake stage
[2025-12-25T15:23:00.625+0000] {logging_mixin.py:188} INFO - Uploaded /tmp/minio_downloads/1766675274.json to Snowflake stage
[2025-12-25T15:23:00.980+0000] {logging_mixin.py:188} INFO - Uploaded /tmp/minio_downloads/1766675286.json to Snowflake stage
[2025-12-25T15:23:01.400+0000] {logging_mixin.py:188} INFO - Uploaded /tmp/minio_downloads/1766675298.json to Snowflake stage
[2025-12-25T15:23:01.663+0000] {logging_mixin.py:188} INFO - Uploaded /tmp/minio_downloads/1766675309.json to Snowflake stage
[2025-12-25T15:23:01.660+0000] {local_task_job_runner.py:124} ERROR - Received SIGTERM. Terminating subprocesses
[2025-12-25T15:23:01.694+0000] {process_utils.py:132} INFO - Sending 15 to group 3122. PIDs of all processes in the group: [3122]
[2025-12-25T15:23:01.696+0000] {process_utils.py:87} INFO - Sending the signal 15 to group 3122
[2025-12-25T15:23:01.699+0000] {taskinstance.py:2611} ERROR - Received SIGTERM. Terminating subprocesses.
[2025-12-25T15:23:01.705+0000] {taskinstance.py:441} INFO - ::group::Post task execution logs
[2025-12-25T15:23:01.864+0000] {taskinstance.py:2905} ERROR - Task failed with exception
Traceback (most recent call last):
  File "/home/airflow/.local/lib/python3.12/site-packages/snowflake/connector/vendored/urllib3/contrib/pyopenssl.py", line 326, in recv_into
    return self.connection.recv_into(*args, **kwargs)  # type: ignore[no-any-return]
           ^^^^^^^^^^^^^^^^^^^^^^^^^^^^^^^^^^^^^^^^^^
  File "/home/airflow/.local/lib/python3.12/site-packages/OpenSSL/SSL.py", line 2339, in recv_into
    self._raise_ssl_error(self._ssl, result)
  File "/home/airflow/.local/lib/python3.12/site-packages/OpenSSL/SSL.py", line 2017, in _raise_ssl_error
    raise WantReadError()
OpenSSL.SSL.WantReadError

During handling of the above exception, another exception occurred:

Traceback (most recent call last):
  File "/home/airflow/.local/lib/python3.12/site-packages/airflow/models/taskinstance.py", line 465, in _execute_task
    result = _execute_callable(context=context, **execute_callable_kwargs)
             ^^^^^^^^^^^^^^^^^^^^^^^^^^^^^^^^^^^^^^^^^^^^^^^^^^^^^^^^^^^^^
  File "/home/airflow/.local/lib/python3.12/site-packages/airflow/models/taskinstance.py", line 432, in _execute_callable
    return execute_callable(context=context, **execute_callable_kwargs)
           ^^^^^^^^^^^^^^^^^^^^^^^^^^^^^^^^^^^^^^^^^^^^^^^^^^^^^^^^^^^^
  File "/home/airflow/.local/lib/python3.12/site-packages/airflow/models/baseoperator.py", line 401, in wrapper
    return func(self, *args, **kwargs)
           ^^^^^^^^^^^^^^^^^^^^^^^^^^^
  File "/home/airflow/.local/lib/python3.12/site-packages/airflow/operators/python.py", line 235, in execute
    return_value = self.execute_callable()
                   ^^^^^^^^^^^^^^^^^^^^^^^
  File "/home/airflow/.local/lib/python3.12/site-packages/airflow/operators/python.py", line 252, in execute_callable
    return self.python_callable(*self.op_args, **self.op_kwargs)
           ^^^^^^^^^^^^^^^^^^^^^^^^^^^^^^^^^^^^^^^^^^^^^^^^^^^^^
  File "/opt/airflow/dags/minio_to_snowflake.py", line 61, in load_to_snowflake
    cur.execute(f"PUT file://{f} @%bronze_stock_quotes_raw")
  File "/home/airflow/.local/lib/python3.12/site-packages/snowflake/connector/cursor.py", line 1010, in execute
    ret = self._execute_helper(query, **kwargs)
          ^^^^^^^^^^^^^^^^^^^^^^^^^^^^^^^^^^^^^
  File "/home/airflow/.local/lib/python3.12/site-packages/snowflake/connector/cursor.py", line 716, in _execute_helper
    ret = self._connection.cmd_query(
          ^^^^^^^^^^^^^^^^^^^^^^^^^^^
  File "/home/airflow/.local/lib/python3.12/site-packages/snowflake/connector/connection.py", line 1900, in cmd_query
    ret = self.rest.request(
          ^^^^^^^^^^^^^^^^^^
  File "/home/airflow/.local/lib/python3.12/site-packages/snowflake/connector/network.py", line 487, in request
    return self._post_request(
           ^^^^^^^^^^^^^^^^^^^
  File "/home/airflow/.local/lib/python3.12/site-packages/snowflake/connector/network.py", line 754, in _post_request
    ret = self.fetch(
          ^^^^^^^^^^^
  File "/home/airflow/.local/lib/python3.12/site-packages/snowflake/connector/network.py", line 873, in fetch
    ret = self._request_exec_wrapper(
          ^^^^^^^^^^^^^^^^^^^^^^^^^^^
  File "/home/airflow/.local/lib/python3.12/site-packages/snowflake/connector/network.py", line 924, in _request_exec_wrapper
    return_object = self._request_exec(
                    ^^^^^^^^^^^^^^^^^^^
  File "/home/airflow/.local/lib/python3.12/site-packages/snowflake/connector/network.py", line 1109, in _request_exec
    raw_ret = session.request(
              ^^^^^^^^^^^^^^^^
  File "/home/airflow/.local/lib/python3.12/site-packages/snowflake/connector/vendored/requests/sessions.py", line 589, in request
    resp = self.send(prep, **send_kwargs)
           ^^^^^^^^^^^^^^^^^^^^^^^^^^^^^^
  File "/home/airflow/.local/lib/python3.12/site-packages/snowflake/connector/vendored/requests/sessions.py", line 703, in send
    r = adapter.send(request, **kwargs)
        ^^^^^^^^^^^^^^^^^^^^^^^^^^^^^^^
  File "/home/airflow/.local/lib/python3.12/site-packages/snowflake/connector/vendored/requests/adapters.py", line 644, in send
    resp = conn.urlopen(
           ^^^^^^^^^^^^^
  File "/home/airflow/.local/lib/python3.12/site-packages/snowflake/connector/vendored/urllib3/connectionpool.py", line 787, in urlopen
    response = self._make_request(
               ^^^^^^^^^^^^^^^^^^^
  File "/home/airflow/.local/lib/python3.12/site-packages/snowflake/connector/vendored/urllib3/connectionpool.py", line 534, in _make_request
    response = conn.getresponse()
               ^^^^^^^^^^^^^^^^^^
  File "/home/airflow/.local/lib/python3.12/site-packages/snowflake/connector/vendored/urllib3/connection.py", line 574, in getresponse
    httplib_response = super().getresponse()
                       ^^^^^^^^^^^^^^^^^^^^^
  File "/usr/local/lib/python3.12/http/client.py", line 1428, in getresponse
    response.begin()
  File "/usr/local/lib/python3.12/http/client.py", line 331, in begin
    version, status, reason = self._read_status()
                              ^^^^^^^^^^^^^^^^^^^
  File "/usr/local/lib/python3.12/http/client.py", line 292, in _read_status
    line = str(self.fp.readline(_MAXLINE + 1), "iso-8859-1")
               ^^^^^^^^^^^^^^^^^^^^^^^^^^^^^^
  File "/usr/local/lib/python3.12/socket.py", line 708, in readinto
    return self._sock.recv_into(b)
           ^^^^^^^^^^^^^^^^^^^^^^^
  File "/home/airflow/.local/lib/python3.12/site-packages/snowflake/connector/vendored/urllib3/contrib/pyopenssl.py", line 338, in recv_into
    if not util.wait_for_read(self.socket, self.socket.gettimeout()):
           ^^^^^^^^^^^^^^^^^^^^^^^^^^^^^^^^^^^^^^^^^^^^^^^^^^^^^^^^^
  File "/home/airflow/.local/lib/python3.12/site-packages/snowflake/connector/vendored/urllib3/util/wait.py", line 117, in wait_for_read
    return wait_for_socket(sock, read=True, timeout=timeout)
           ^^^^^^^^^^^^^^^^^^^^^^^^^^^^^^^^^^^^^^^^^^^^^^^^^
  File "/home/airflow/.local/lib/python3.12/site-packages/snowflake/connector/vendored/urllib3/util/wait.py", line 79, in poll_wait_for_socket
    return bool(do_poll(timeout))
                ^^^^^^^^^^^^^^^^
  File "/home/airflow/.local/lib/python3.12/site-packages/snowflake/connector/vendored/urllib3/util/wait.py", line 77, in do_poll
    return poll_obj.poll(t)
           ^^^^^^^^^^^^^^^^
  File "/home/airflow/.local/lib/python3.12/site-packages/airflow/models/taskinstance.py", line 2613, in signal_handler
    raise AirflowTaskTerminated("Task received SIGTERM signal")
airflow.exceptions.AirflowTaskTerminated: Task received SIGTERM signal
[2025-12-25T15:23:01.958+0000] {taskinstance.py:1206} INFO - Marking task as UP_FOR_RETRY. dag_id=minio_to_snowflake, task_id=load_snowflake, run_id=scheduled__2025-12-25T15:17:00+00:00, execution_date=20251225T151700, start_date=20251225T152221, end_date=20251225T152301
[2025-12-25T15:23:02.152+0000] {process_utils.py:80} INFO - Process psutil.Process(pid=3122, status='terminated', exitcode=2, started='15:22:21') (3122) terminated with exit code 2
[2025-12-25T15:23:02.158+0000] {local_task_job_runner.py:243} INFO - Task exited with return code 143
[2025-12-25T15:23:02.331+0000] {taskinstance.py:3503} INFO - 0 downstream tasks scheduled from follow-on schedule check
