[2025-12-25T08:59:44.119+0000] {local_task_job_runner.py:120} INFO - ::group::Pre task execution logs
[2025-12-25T08:59:44.202+0000] {taskinstance.py:2076} INFO - Dependencies all met for dep_context=non-requeueable deps ti=<TaskInstance: minio_to_snowflake.dbt_transform scheduled__2025-12-25T08:47:00+00:00 [queued]>
[2025-12-25T08:59:44.215+0000] {taskinstance.py:2076} INFO - Dependencies all met for dep_context=requeueable deps ti=<TaskInstance: minio_to_snowflake.dbt_transform scheduled__2025-12-25T08:47:00+00:00 [queued]>
[2025-12-25T08:59:44.217+0000] {taskinstance.py:2306} INFO - Starting attempt 1 of 2
[2025-12-25T08:59:44.240+0000] {taskinstance.py:2330} INFO - Executing <Task(BashOperator): dbt_transform> on 2025-12-25 08:47:00+00:00
[2025-12-25T08:59:44.270+0000] {standard_task_runner.py:90} INFO - Running: ['***', 'tasks', 'run', 'minio_to_snowflake', 'dbt_transform', 'scheduled__2025-12-25T08:47:00+00:00', '--job-id', '169', '--raw', '--subdir', 'DAGS_FOLDER/minio_to_snowflake.py', '--cfg-path', '/tmp/tmph4_ksxc0']
[2025-12-25T08:59:44.276+0000] {logging_mixin.py:188} WARNING - /home/***/.local/lib/python3.12/site-packages/***/task/task_runner/standard_task_runner.py:62 DeprecationWarning: This process (pid=3111) is multi-threaded, use of fork() may lead to deadlocks in the child.
[2025-12-25T08:59:44.279+0000] {standard_task_runner.py:91} INFO - Job 169: Subtask dbt_transform
[2025-12-25T08:59:44.279+0000] {standard_task_runner.py:64} INFO - Started process 3126 to run task
[2025-12-25T08:59:44.396+0000] {task_command.py:426} INFO - Running <TaskInstance: minio_to_snowflake.dbt_transform scheduled__2025-12-25T08:47:00+00:00 [running]> on host f2efb562a677
[2025-12-25T08:59:45.152+0000] {taskinstance.py:2648} INFO - Exporting env vars: AIRFLOW_CTX_DAG_OWNER='***' AIRFLOW_CTX_DAG_ID='minio_to_snowflake' AIRFLOW_CTX_TASK_ID='dbt_transform' AIRFLOW_CTX_EXECUTION_DATE='2025-12-25T08:47:00+00:00' AIRFLOW_CTX_TRY_NUMBER='1' AIRFLOW_CTX_DAG_RUN_ID='scheduled__2025-12-25T08:47:00+00:00'
[2025-12-25T08:59:45.158+0000] {taskinstance.py:430} INFO - ::endgroup::
[2025-12-25T08:59:45.251+0000] {subprocess.py:63} INFO - Tmp dir root location: /tmp
[2025-12-25T08:59:45.259+0000] {subprocess.py:75} INFO - Running command: ['/usr/bin/bash', '-c', 'cd /opt/***/dbt_stocks && dbt run --profiles-dir .']
[2025-12-25T08:59:45.329+0000] {subprocess.py:86} INFO - Output:
[2025-12-25T08:59:45.458+0000] {subprocess.py:93} INFO - /usr/bin/bash: line 1: dbt: command not found
[2025-12-25T08:59:45.460+0000] {subprocess.py:97} INFO - Command exited with return code 127
[2025-12-25T08:59:45.462+0000] {taskinstance.py:441} INFO - ::group::Post task execution logs
[2025-12-25T08:59:45.497+0000] {taskinstance.py:2905} ERROR - Task failed with exception
Traceback (most recent call last):
  File "/home/airflow/.local/lib/python3.12/site-packages/airflow/models/taskinstance.py", line 465, in _execute_task
    result = _execute_callable(context=context, **execute_callable_kwargs)
             ^^^^^^^^^^^^^^^^^^^^^^^^^^^^^^^^^^^^^^^^^^^^^^^^^^^^^^^^^^^^^
  File "/home/airflow/.local/lib/python3.12/site-packages/airflow/models/taskinstance.py", line 432, in _execute_callable
    return execute_callable(context=context, **execute_callable_kwargs)
           ^^^^^^^^^^^^^^^^^^^^^^^^^^^^^^^^^^^^^^^^^^^^^^^^^^^^^^^^^^^^
  File "/home/airflow/.local/lib/python3.12/site-packages/airflow/models/baseoperator.py", line 401, in wrapper
    return func(self, *args, **kwargs)
           ^^^^^^^^^^^^^^^^^^^^^^^^^^^
  File "/home/airflow/.local/lib/python3.12/site-packages/airflow/operators/bash.py", line 243, in execute
    raise AirflowException(
airflow.exceptions.AirflowException: Bash command failed. The command returned a non-zero exit code 127.
[2025-12-25T08:59:45.522+0000] {taskinstance.py:1206} INFO - Marking task as UP_FOR_RETRY. dag_id=minio_to_snowflake, task_id=dbt_transform, run_id=scheduled__2025-12-25T08:47:00+00:00, execution_date=20251225T084700, start_date=20251225T085944, end_date=20251225T085945
[2025-12-25T08:59:45.551+0000] {standard_task_runner.py:110} ERROR - Failed to execute job 169 for task dbt_transform (Bash command failed. The command returned a non-zero exit code 127.; 3126)
[2025-12-25T08:59:45.588+0000] {local_task_job_runner.py:243} INFO - Task exited with return code 1
[2025-12-25T08:59:45.624+0000] {taskinstance.py:3503} INFO - 0 downstream tasks scheduled from follow-on schedule check
[2025-12-25T08:59:45.631+0000] {local_task_job_runner.py:222} INFO - ::endgroup::
