[2025-12-26T10:00:41.193+0000] {local_task_job_runner.py:120} INFO - ::group::Pre task execution logs
[2025-12-26T10:00:41.267+0000] {taskinstance.py:2076} INFO - Dependencies all met for dep_context=non-requeueable deps ti=<TaskInstance: minio_to_snowflake.dbt_transform scheduled__2025-12-26T09:40:00+00:00 [queued]>
[2025-12-26T10:00:41.283+0000] {taskinstance.py:2076} INFO - Dependencies all met for dep_context=requeueable deps ti=<TaskInstance: minio_to_snowflake.dbt_transform scheduled__2025-12-26T09:40:00+00:00 [queued]>
[2025-12-26T10:00:41.284+0000] {taskinstance.py:2306} INFO - Starting attempt 1 of 2
[2025-12-26T10:00:41.311+0000] {taskinstance.py:2330} INFO - Executing <Task(BashOperator): dbt_transform> on 2025-12-26 09:40:00+00:00
[2025-12-26T10:00:41.338+0000] {standard_task_runner.py:90} INFO - Running: ['***', 'tasks', 'run', 'minio_to_snowflake', 'dbt_transform', 'scheduled__2025-12-26T09:40:00+00:00', '--job-id', '122', '--raw', '--subdir', 'DAGS_FOLDER/minio_to_snowflake.py', '--cfg-path', '/tmp/tmplwwjgbbr']
[2025-12-26T10:00:41.347+0000] {standard_task_runner.py:91} INFO - Job 122: Subtask dbt_transform
[2025-12-26T10:00:41.346+0000] {logging_mixin.py:188} WARNING - /home/***/.local/lib/python3.12/site-packages/***/task/task_runner/standard_task_runner.py:62 DeprecationWarning: This process (pid=12371) is multi-threaded, use of fork() may lead to deadlocks in the child.
[2025-12-26T10:00:41.349+0000] {standard_task_runner.py:64} INFO - Started process 12385 to run task
[2025-12-26T10:00:41.472+0000] {task_command.py:426} INFO - Running <TaskInstance: minio_to_snowflake.dbt_transform scheduled__2025-12-26T09:40:00+00:00 [running]> on host a29b2270dc41
[2025-12-26T10:00:41.661+0000] {taskinstance.py:2648} INFO - Exporting env vars: AIRFLOW_CTX_DAG_OWNER='***' AIRFLOW_CTX_DAG_ID='minio_to_snowflake' AIRFLOW_CTX_TASK_ID='dbt_transform' AIRFLOW_CTX_EXECUTION_DATE='2025-12-26T09:40:00+00:00' AIRFLOW_CTX_TRY_NUMBER='1' AIRFLOW_CTX_DAG_RUN_ID='scheduled__2025-12-26T09:40:00+00:00'
[2025-12-26T10:00:41.664+0000] {taskinstance.py:430} INFO - ::endgroup::
[2025-12-26T10:00:41.687+0000] {subprocess.py:63} INFO - Tmp dir root location: /tmp
[2025-12-26T10:00:41.691+0000] {subprocess.py:75} INFO - Running command: ['/usr/bin/bash', '-c', '\n            cd /opt/***/dbt_stocks &&             if [ -f "dbt_project.yml" ]; then                 dbt run --profiles-dir .;             else                 cd dbt_stocks && dbt run --profiles-dir .;             fi\n            ']
[2025-12-26T10:00:41.731+0000] {subprocess.py:86} INFO - Output:
[2025-12-26T10:00:41.740+0000] {subprocess.py:93} INFO - /usr/bin/bash: line 2: cd: dbt_stocks: No such file or directory
[2025-12-26T10:00:41.742+0000] {subprocess.py:97} INFO - Command exited with return code 1
[2025-12-26T10:00:41.743+0000] {taskinstance.py:441} INFO - ::group::Post task execution logs
[2025-12-26T10:00:41.773+0000] {taskinstance.py:2905} ERROR - Task failed with exception
Traceback (most recent call last):
  File "/home/airflow/.local/lib/python3.12/site-packages/airflow/models/taskinstance.py", line 465, in _execute_task
    result = _execute_callable(context=context, **execute_callable_kwargs)
             ^^^^^^^^^^^^^^^^^^^^^^^^^^^^^^^^^^^^^^^^^^^^^^^^^^^^^^^^^^^^^
  File "/home/airflow/.local/lib/python3.12/site-packages/airflow/models/taskinstance.py", line 432, in _execute_callable
    return execute_callable(context=context, **execute_callable_kwargs)
           ^^^^^^^^^^^^^^^^^^^^^^^^^^^^^^^^^^^^^^^^^^^^^^^^^^^^^^^^^^^^
  File "/home/airflow/.local/lib/python3.12/site-packages/airflow/models/baseoperator.py", line 401, in wrapper
    return func(self, *args, **kwargs)
           ^^^^^^^^^^^^^^^^^^^^^^^^^^^
  File "/home/airflow/.local/lib/python3.12/site-packages/airflow/operators/bash.py", line 243, in execute
    raise AirflowException(
airflow.exceptions.AirflowException: Bash command failed. The command returned a non-zero exit code 1.
[2025-12-26T10:00:41.783+0000] {taskinstance.py:1206} INFO - Marking task as UP_FOR_RETRY. dag_id=minio_to_snowflake, task_id=dbt_transform, run_id=scheduled__2025-12-26T09:40:00+00:00, execution_date=20251226T094000, start_date=20251226T100041, end_date=20251226T100041
[2025-12-26T10:00:41.809+0000] {standard_task_runner.py:110} ERROR - Failed to execute job 122 for task dbt_transform (Bash command failed. The command returned a non-zero exit code 1.; 12385)
[2025-12-26T10:00:41.849+0000] {local_task_job_runner.py:243} INFO - Task exited with return code 1
[2025-12-26T10:00:41.888+0000] {taskinstance.py:3503} INFO - 0 downstream tasks scheduled from follow-on schedule check
[2025-12-26T10:00:41.894+0000] {local_task_job_runner.py:222} INFO - ::endgroup::
