[2025-12-25T08:55:31.217+0000] {local_task_job_runner.py:120} INFO - ::group::Pre task execution logs
[2025-12-25T08:55:31.298+0000] {taskinstance.py:2076} INFO - Dependencies all met for dep_context=non-requeueable deps ti=<TaskInstance: minio_to_snowflake.dbt_transform scheduled__2025-12-25T08:45:00+00:00 [queued]>
[2025-12-25T08:55:31.314+0000] {taskinstance.py:2076} INFO - Dependencies all met for dep_context=requeueable deps ti=<TaskInstance: minio_to_snowflake.dbt_transform scheduled__2025-12-25T08:45:00+00:00 [queued]>
[2025-12-25T08:55:31.316+0000] {taskinstance.py:2306} INFO - Starting attempt 1 of 2
[2025-12-25T08:55:31.353+0000] {taskinstance.py:2330} INFO - Executing <Task(BashOperator): dbt_transform> on 2025-12-25 08:45:00+00:00
[2025-12-25T08:55:31.381+0000] {standard_task_runner.py:90} INFO - Running: ['***', 'tasks', 'run', 'minio_to_snowflake', 'dbt_transform', 'scheduled__2025-12-25T08:45:00+00:00', '--job-id', '166', '--raw', '--subdir', 'DAGS_FOLDER/minio_to_snowflake.py', '--cfg-path', '/tmp/tmpv1yk9i8t']
[2025-12-25T08:55:31.385+0000] {logging_mixin.py:188} WARNING - /home/***/.local/lib/python3.12/site-packages/***/task/task_runner/standard_task_runner.py:62 DeprecationWarning: This process (pid=2620) is multi-threaded, use of fork() may lead to deadlocks in the child.
[2025-12-25T08:55:31.386+0000] {standard_task_runner.py:91} INFO - Job 166: Subtask dbt_transform
[2025-12-25T08:55:31.387+0000] {standard_task_runner.py:64} INFO - Started process 2634 to run task
[2025-12-25T08:55:31.510+0000] {task_command.py:426} INFO - Running <TaskInstance: minio_to_snowflake.dbt_transform scheduled__2025-12-25T08:45:00+00:00 [running]> on host f2efb562a677
[2025-12-25T08:55:31.695+0000] {taskinstance.py:2648} INFO - Exporting env vars: AIRFLOW_CTX_DAG_OWNER='***' AIRFLOW_CTX_DAG_ID='minio_to_snowflake' AIRFLOW_CTX_TASK_ID='dbt_transform' AIRFLOW_CTX_EXECUTION_DATE='2025-12-25T08:45:00+00:00' AIRFLOW_CTX_TRY_NUMBER='1' AIRFLOW_CTX_DAG_RUN_ID='scheduled__2025-12-25T08:45:00+00:00'
[2025-12-25T08:55:31.697+0000] {taskinstance.py:430} INFO - ::endgroup::
[2025-12-25T08:55:31.782+0000] {subprocess.py:63} INFO - Tmp dir root location: /tmp
[2025-12-25T08:55:31.785+0000] {subprocess.py:75} INFO - Running command: ['/usr/bin/bash', '-c', 'cd /opt/***/dbt_stocks && dbt run --profiles-dir .']
[2025-12-25T08:55:31.892+0000] {subprocess.py:86} INFO - Output:
[2025-12-25T08:55:31.968+0000] {subprocess.py:93} INFO - /usr/bin/bash: line 1: dbt: command not found
[2025-12-25T08:55:31.969+0000] {subprocess.py:97} INFO - Command exited with return code 127
[2025-12-25T08:55:31.980+0000] {taskinstance.py:441} INFO - ::group::Post task execution logs
[2025-12-25T08:55:32.022+0000] {taskinstance.py:2905} ERROR - Task failed with exception
Traceback (most recent call last):
  File "/home/airflow/.local/lib/python3.12/site-packages/airflow/models/taskinstance.py", line 465, in _execute_task
    result = _execute_callable(context=context, **execute_callable_kwargs)
             ^^^^^^^^^^^^^^^^^^^^^^^^^^^^^^^^^^^^^^^^^^^^^^^^^^^^^^^^^^^^^
  File "/home/airflow/.local/lib/python3.12/site-packages/airflow/models/taskinstance.py", line 432, in _execute_callable
    return execute_callable(context=context, **execute_callable_kwargs)
           ^^^^^^^^^^^^^^^^^^^^^^^^^^^^^^^^^^^^^^^^^^^^^^^^^^^^^^^^^^^^
  File "/home/airflow/.local/lib/python3.12/site-packages/airflow/models/baseoperator.py", line 401, in wrapper
    return func(self, *args, **kwargs)
           ^^^^^^^^^^^^^^^^^^^^^^^^^^^
  File "/home/airflow/.local/lib/python3.12/site-packages/airflow/operators/bash.py", line 243, in execute
    raise AirflowException(
airflow.exceptions.AirflowException: Bash command failed. The command returned a non-zero exit code 127.
[2025-12-25T08:55:32.047+0000] {taskinstance.py:1206} INFO - Marking task as UP_FOR_RETRY. dag_id=minio_to_snowflake, task_id=dbt_transform, run_id=scheduled__2025-12-25T08:45:00+00:00, execution_date=20251225T084500, start_date=20251225T085531, end_date=20251225T085532
[2025-12-25T08:55:32.077+0000] {standard_task_runner.py:110} ERROR - Failed to execute job 166 for task dbt_transform (Bash command failed. The command returned a non-zero exit code 127.; 2634)
[2025-12-25T08:55:32.128+0000] {local_task_job_runner.py:243} INFO - Task exited with return code 1
[2025-12-25T08:55:32.164+0000] {taskinstance.py:3503} INFO - 0 downstream tasks scheduled from follow-on schedule check
[2025-12-25T08:55:32.171+0000] {local_task_job_runner.py:222} INFO - ::endgroup::
