[2025-12-25T09:18:09.896+0000] {local_task_job_runner.py:120} INFO - ::group::Pre task execution logs
[2025-12-25T09:18:10.032+0000] {taskinstance.py:2076} INFO - Dependencies all met for dep_context=non-requeueable deps ti=<TaskInstance: minio_to_snowflake.dbt_transform scheduled__2025-12-25T08:45:00+00:00 [queued]>
[2025-12-25T09:18:10.054+0000] {taskinstance.py:2076} INFO - Dependencies all met for dep_context=requeueable deps ti=<TaskInstance: minio_to_snowflake.dbt_transform scheduled__2025-12-25T08:45:00+00:00 [queued]>
[2025-12-25T09:18:10.055+0000] {taskinstance.py:2306} INFO - Starting attempt 2 of 2
[2025-12-25T09:18:10.085+0000] {taskinstance.py:2330} INFO - Executing <Task(BashOperator): dbt_transform> on 2025-12-25 08:45:00+00:00
[2025-12-25T09:18:10.190+0000] {logging_mixin.py:188} WARNING - /home/***/.local/lib/python3.12/site-packages/***/task/task_runner/standard_task_runner.py:62 DeprecationWarning: This process (pid=7944) is multi-threaded, use of fork() may lead to deadlocks in the child.
[2025-12-25T09:18:10.232+0000] {standard_task_runner.py:64} INFO - Started process 7960 to run task
[2025-12-25T09:18:10.201+0000] {standard_task_runner.py:90} INFO - Running: ['***', 'tasks', 'run', 'minio_to_snowflake', 'dbt_transform', 'scheduled__2025-12-25T08:45:00+00:00', '--job-id', '176', '--raw', '--subdir', 'DAGS_FOLDER/minio_to_snowflake.py', '--cfg-path', '/tmp/tmpfyyr320e']
[2025-12-25T09:18:10.260+0000] {standard_task_runner.py:91} INFO - Job 176: Subtask dbt_transform
[2025-12-25T09:18:11.136+0000] {task_command.py:426} INFO - Running <TaskInstance: minio_to_snowflake.dbt_transform scheduled__2025-12-25T08:45:00+00:00 [running]> on host f2efb562a677
[2025-12-25T09:18:11.657+0000] {taskinstance.py:2648} INFO - Exporting env vars: AIRFLOW_CTX_DAG_OWNER='***' AIRFLOW_CTX_DAG_ID='minio_to_snowflake' AIRFLOW_CTX_TASK_ID='dbt_transform' AIRFLOW_CTX_EXECUTION_DATE='2025-12-25T08:45:00+00:00' AIRFLOW_CTX_TRY_NUMBER='2' AIRFLOW_CTX_DAG_RUN_ID='scheduled__2025-12-25T08:45:00+00:00'
[2025-12-25T09:18:11.664+0000] {taskinstance.py:430} INFO - ::endgroup::
[2025-12-25T09:18:11.718+0000] {subprocess.py:63} INFO - Tmp dir root location: /tmp
[2025-12-25T09:18:11.730+0000] {subprocess.py:75} INFO - Running command: ['/usr/bin/bash', '-c', 'cd /opt/***/dbt_stocks && dbt run --profiles-dir .']
[2025-12-25T09:18:11.789+0000] {subprocess.py:86} INFO - Output:
[2025-12-25T09:18:11.830+0000] {subprocess.py:93} INFO - /usr/bin/bash: line 1: dbt: command not found
[2025-12-25T09:18:11.831+0000] {subprocess.py:97} INFO - Command exited with return code 127
[2025-12-25T09:18:11.834+0000] {taskinstance.py:441} INFO - ::group::Post task execution logs
[2025-12-25T09:18:11.879+0000] {taskinstance.py:2905} ERROR - Task failed with exception
Traceback (most recent call last):
  File "/home/airflow/.local/lib/python3.12/site-packages/airflow/models/taskinstance.py", line 465, in _execute_task
    result = _execute_callable(context=context, **execute_callable_kwargs)
             ^^^^^^^^^^^^^^^^^^^^^^^^^^^^^^^^^^^^^^^^^^^^^^^^^^^^^^^^^^^^^
  File "/home/airflow/.local/lib/python3.12/site-packages/airflow/models/taskinstance.py", line 432, in _execute_callable
    return execute_callable(context=context, **execute_callable_kwargs)
           ^^^^^^^^^^^^^^^^^^^^^^^^^^^^^^^^^^^^^^^^^^^^^^^^^^^^^^^^^^^^
  File "/home/airflow/.local/lib/python3.12/site-packages/airflow/models/baseoperator.py", line 401, in wrapper
    return func(self, *args, **kwargs)
           ^^^^^^^^^^^^^^^^^^^^^^^^^^^
  File "/home/airflow/.local/lib/python3.12/site-packages/airflow/operators/bash.py", line 243, in execute
    raise AirflowException(
airflow.exceptions.AirflowException: Bash command failed. The command returned a non-zero exit code 127.
[2025-12-25T09:18:11.905+0000] {taskinstance.py:1206} INFO - Marking task as FAILED. dag_id=minio_to_snowflake, task_id=dbt_transform, run_id=scheduled__2025-12-25T08:45:00+00:00, execution_date=20251225T084500, start_date=20251225T091810, end_date=20251225T091811
[2025-12-25T09:18:11.955+0000] {standard_task_runner.py:110} ERROR - Failed to execute job 176 for task dbt_transform (Bash command failed. The command returned a non-zero exit code 127.; 7960)
[2025-12-25T09:18:12.005+0000] {local_task_job_runner.py:243} INFO - Task exited with return code 1
[2025-12-25T09:18:12.051+0000] {taskinstance.py:3503} INFO - 0 downstream tasks scheduled from follow-on schedule check
[2025-12-25T09:18:12.057+0000] {local_task_job_runner.py:222} INFO - ::endgroup::
