[2025-12-26T08:29:16.269+0000] {local_task_job_runner.py:120} INFO - ::group::Pre task execution logs
[2025-12-26T08:29:16.376+0000] {taskinstance.py:2076} INFO - Dependencies all met for dep_context=non-requeueable deps ti=<TaskInstance: minio_to_snowflake.dbt_transform scheduled__2025-12-26T06:29:00+00:00 [queued]>
[2025-12-26T08:29:16.394+0000] {taskinstance.py:2076} INFO - Dependencies all met for dep_context=requeueable deps ti=<TaskInstance: minio_to_snowflake.dbt_transform scheduled__2025-12-26T06:29:00+00:00 [queued]>
[2025-12-26T08:29:16.396+0000] {taskinstance.py:2306} INFO - Starting attempt 2 of 2
[2025-12-26T08:29:16.429+0000] {taskinstance.py:2330} INFO - Executing <Task(BashOperator): dbt_transform> on 2025-12-26 06:29:00+00:00
[2025-12-26T08:29:16.463+0000] {standard_task_runner.py:90} INFO - Running: ['***', 'tasks', 'run', 'minio_to_snowflake', 'dbt_transform', 'scheduled__2025-12-26T06:29:00+00:00', '--job-id', '71', '--raw', '--subdir', 'DAGS_FOLDER/minio_to_snowflake.py', '--cfg-path', '/tmp/tmpn9gf_ktk']
[2025-12-26T08:29:16.473+0000] {standard_task_runner.py:91} INFO - Job 71: Subtask dbt_transform
[2025-12-26T08:29:16.480+0000] {logging_mixin.py:188} WARNING - /home/***/.local/lib/python3.12/site-packages/***/task/task_runner/standard_task_runner.py:62 DeprecationWarning: This process (pid=4485) is multi-threaded, use of fork() may lead to deadlocks in the child.
[2025-12-26T08:29:16.482+0000] {standard_task_runner.py:64} INFO - Started process 4499 to run task
[2025-12-26T08:29:16.661+0000] {task_command.py:426} INFO - Running <TaskInstance: minio_to_snowflake.dbt_transform scheduled__2025-12-26T06:29:00+00:00 [running]> on host 9ba124033e2e
[2025-12-26T08:29:16.916+0000] {taskinstance.py:2648} INFO - Exporting env vars: AIRFLOW_CTX_DAG_OWNER='***' AIRFLOW_CTX_DAG_ID='minio_to_snowflake' AIRFLOW_CTX_TASK_ID='dbt_transform' AIRFLOW_CTX_EXECUTION_DATE='2025-12-26T06:29:00+00:00' AIRFLOW_CTX_TRY_NUMBER='2' AIRFLOW_CTX_DAG_RUN_ID='scheduled__2025-12-26T06:29:00+00:00'
[2025-12-26T08:29:16.923+0000] {taskinstance.py:430} INFO - ::endgroup::
[2025-12-26T08:29:16.969+0000] {subprocess.py:63} INFO - Tmp dir root location: /tmp
[2025-12-26T08:29:16.973+0000] {subprocess.py:75} INFO - Running command: ['/usr/bin/bash', '-c', 'cd /opt/***/dbt_stocks && python3 -m dbt run --profiles-dir .']
[2025-12-26T08:29:17.015+0000] {subprocess.py:86} INFO - Output:
[2025-12-26T08:29:17.503+0000] {subprocess.py:93} INFO - /home/***/.local/bin/python3: No module named dbt.__main__; 'dbt' is a package and cannot be directly executed
[2025-12-26T08:29:17.517+0000] {subprocess.py:97} INFO - Command exited with return code 1
[2025-12-26T08:29:17.519+0000] {taskinstance.py:441} INFO - ::group::Post task execution logs
[2025-12-26T08:29:17.549+0000] {taskinstance.py:2905} ERROR - Task failed with exception
Traceback (most recent call last):
  File "/home/airflow/.local/lib/python3.12/site-packages/airflow/models/taskinstance.py", line 465, in _execute_task
    result = _execute_callable(context=context, **execute_callable_kwargs)
             ^^^^^^^^^^^^^^^^^^^^^^^^^^^^^^^^^^^^^^^^^^^^^^^^^^^^^^^^^^^^^
  File "/home/airflow/.local/lib/python3.12/site-packages/airflow/models/taskinstance.py", line 432, in _execute_callable
    return execute_callable(context=context, **execute_callable_kwargs)
           ^^^^^^^^^^^^^^^^^^^^^^^^^^^^^^^^^^^^^^^^^^^^^^^^^^^^^^^^^^^^
  File "/home/airflow/.local/lib/python3.12/site-packages/airflow/models/baseoperator.py", line 401, in wrapper
    return func(self, *args, **kwargs)
           ^^^^^^^^^^^^^^^^^^^^^^^^^^^
  File "/home/airflow/.local/lib/python3.12/site-packages/airflow/operators/bash.py", line 243, in execute
    raise AirflowException(
airflow.exceptions.AirflowException: Bash command failed. The command returned a non-zero exit code 1.
[2025-12-26T08:29:17.562+0000] {taskinstance.py:1206} INFO - Marking task as FAILED. dag_id=minio_to_snowflake, task_id=dbt_transform, run_id=scheduled__2025-12-26T06:29:00+00:00, execution_date=20251226T062900, start_date=20251226T082916, end_date=20251226T082917
[2025-12-26T08:29:17.589+0000] {standard_task_runner.py:110} ERROR - Failed to execute job 71 for task dbt_transform (Bash command failed. The command returned a non-zero exit code 1.; 4499)
[2025-12-26T08:29:17.629+0000] {local_task_job_runner.py:243} INFO - Task exited with return code 1
[2025-12-26T08:29:17.672+0000] {taskinstance.py:3503} INFO - 0 downstream tasks scheduled from follow-on schedule check
[2025-12-26T08:29:17.679+0000] {local_task_job_runner.py:222} INFO - ::endgroup::
