[2025-12-26T09:59:02.977+0000] {local_task_job_runner.py:120} INFO - ::group::Pre task execution logs
[2025-12-26T09:59:03.046+0000] {taskinstance.py:2076} INFO - Dependencies all met for dep_context=non-requeueable deps ti=<TaskInstance: minio_to_snowflake.dbt_transform scheduled__2025-12-26T09:25:00+00:00 [queued]>
[2025-12-26T09:59:03.062+0000] {taskinstance.py:2076} INFO - Dependencies all met for dep_context=requeueable deps ti=<TaskInstance: minio_to_snowflake.dbt_transform scheduled__2025-12-26T09:25:00+00:00 [queued]>
[2025-12-26T09:59:03.063+0000] {taskinstance.py:2306} INFO - Starting attempt 1 of 2
[2025-12-26T09:59:03.089+0000] {taskinstance.py:2330} INFO - Executing <Task(BashOperator): dbt_transform> on 2025-12-26 09:25:00+00:00
[2025-12-26T09:59:03.125+0000] {logging_mixin.py:188} WARNING - /home/***/.local/lib/python3.12/site-packages/***/task/task_runner/standard_task_runner.py:62 DeprecationWarning: This process (pid=8284) is multi-threaded, use of fork() may lead to deadlocks in the child.
[2025-12-26T09:59:03.117+0000] {standard_task_runner.py:90} INFO - Running: ['***', 'tasks', 'run', 'minio_to_snowflake', 'dbt_transform', 'scheduled__2025-12-26T09:25:00+00:00', '--job-id', '117', '--raw', '--subdir', 'DAGS_FOLDER/minio_to_snowflake.py', '--cfg-path', '/tmp/tmp376uxlpx']
[2025-12-26T09:59:03.127+0000] {standard_task_runner.py:64} INFO - Started process 8298 to run task
[2025-12-26T09:59:03.128+0000] {standard_task_runner.py:91} INFO - Job 117: Subtask dbt_transform
[2025-12-26T09:59:03.264+0000] {task_command.py:426} INFO - Running <TaskInstance: minio_to_snowflake.dbt_transform scheduled__2025-12-26T09:25:00+00:00 [running]> on host a29b2270dc41
[2025-12-26T09:59:03.782+0000] {taskinstance.py:2648} INFO - Exporting env vars: AIRFLOW_CTX_DAG_OWNER='***' AIRFLOW_CTX_DAG_ID='minio_to_snowflake' AIRFLOW_CTX_TASK_ID='dbt_transform' AIRFLOW_CTX_EXECUTION_DATE='2025-12-26T09:25:00+00:00' AIRFLOW_CTX_TRY_NUMBER='1' AIRFLOW_CTX_DAG_RUN_ID='scheduled__2025-12-26T09:25:00+00:00'
[2025-12-26T09:59:03.785+0000] {taskinstance.py:430} INFO - ::endgroup::
[2025-12-26T09:59:03.815+0000] {subprocess.py:63} INFO - Tmp dir root location: /tmp
[2025-12-26T09:59:03.819+0000] {subprocess.py:75} INFO - Running command: ['/usr/bin/bash', '-c', '\n            cd /opt/***/dbt_stocks &&             if [ -f "dbt_project.yml" ]; then                 dbt run --profiles-dir .;             else                 cd dbt_stocks && dbt run --profiles-dir .;             fi\n            ']
[2025-12-26T09:59:03.867+0000] {subprocess.py:86} INFO - Output:
[2025-12-26T09:59:03.936+0000] {subprocess.py:93} INFO - /usr/bin/bash: line 2: cd: dbt_stocks: No such file or directory
[2025-12-26T09:59:03.939+0000] {subprocess.py:97} INFO - Command exited with return code 1
[2025-12-26T09:59:03.941+0000] {taskinstance.py:441} INFO - ::group::Post task execution logs
[2025-12-26T09:59:03.999+0000] {taskinstance.py:2905} ERROR - Task failed with exception
Traceback (most recent call last):
  File "/home/airflow/.local/lib/python3.12/site-packages/airflow/models/taskinstance.py", line 465, in _execute_task
    result = _execute_callable(context=context, **execute_callable_kwargs)
             ^^^^^^^^^^^^^^^^^^^^^^^^^^^^^^^^^^^^^^^^^^^^^^^^^^^^^^^^^^^^^
  File "/home/airflow/.local/lib/python3.12/site-packages/airflow/models/taskinstance.py", line 432, in _execute_callable
    return execute_callable(context=context, **execute_callable_kwargs)
           ^^^^^^^^^^^^^^^^^^^^^^^^^^^^^^^^^^^^^^^^^^^^^^^^^^^^^^^^^^^^
  File "/home/airflow/.local/lib/python3.12/site-packages/airflow/models/baseoperator.py", line 401, in wrapper
    return func(self, *args, **kwargs)
           ^^^^^^^^^^^^^^^^^^^^^^^^^^^
  File "/home/airflow/.local/lib/python3.12/site-packages/airflow/operators/bash.py", line 243, in execute
    raise AirflowException(
airflow.exceptions.AirflowException: Bash command failed. The command returned a non-zero exit code 1.
[2025-12-26T09:59:04.054+0000] {taskinstance.py:1206} INFO - Marking task as UP_FOR_RETRY. dag_id=minio_to_snowflake, task_id=dbt_transform, run_id=scheduled__2025-12-26T09:25:00+00:00, execution_date=20251226T092500, start_date=20251226T095903, end_date=20251226T095904
[2025-12-26T09:59:04.096+0000] {standard_task_runner.py:110} ERROR - Failed to execute job 117 for task dbt_transform (Bash command failed. The command returned a non-zero exit code 1.; 8298)
[2025-12-26T09:59:04.150+0000] {local_task_job_runner.py:243} INFO - Task exited with return code 1
[2025-12-26T09:59:04.207+0000] {taskinstance.py:3503} INFO - 0 downstream tasks scheduled from follow-on schedule check
[2025-12-26T09:59:04.213+0000] {local_task_job_runner.py:222} INFO - ::endgroup::
